#
# There is insufficient memory for the Java Runtime Environment to continue.
# Native memory allocation (malloc) failed to allocate 862656 bytes for Chunk::new
# Possible reasons:
#   The system is out of physical RAM or swap space
#   In 32 bit mode, the process size limit was hit
# Possible solutions:
#   Reduce memory load on the system
#   Increase physical memory or swap space
#   Check if swap backing store is full
#   Use 64 bit Java on a 64 bit OS
#   Decrease Java heap size (-Xmx/-Xms)
#   Decrease number of Java threads
#   Decrease Java thread stack sizes (-Xss)
#   Set larger code cache with -XX:ReservedCodeCacheSize=
# This output file may be truncated or incomplete.
#
#  Out of Memory Error (allocation.cpp:390), pid=10224, tid=0x00000000000030c4
#
# JRE version: OpenJDK Runtime Environment (8.0_152-b02) (build 1.8.0_152-release-1024-b02)
# Java VM: OpenJDK 64-Bit Server VM (25.152-b02 mixed mode windows-amd64 compressed oops)
# Failed to write core dump. Minidumps are not enabled by default on client versions of Windows
#

---------------  T H R E A D  ---------------

Current thread (0x0000000015e23800):  JavaThread "C2 CompilerThread1" daemon [_thread_in_native, id=12484, stack(0x0000000017580000,0x0000000017680000)]

Stack: [0x0000000017580000,0x0000000017680000]
[error occurred during error reporting (printing stack bounds), id 0xc0000005]

Native frames: (J=compiled Java code, j=interpreted, Vv=VM code, C=native code)


Current CompileTask:
C2:  12566 7456       4       org.jetbrains.kotlin.cli.jvm.index.JvmDependenciesIndexImpl::search (384 bytes)


---------------  P R O C E S S  ---------------

Java Threads: ( => current thread )
  0x0000000017ff8800 JavaThread "RMI RenewClean-[localhost:51409,org.jetbrains.kotlin.daemon.common.LoopbackNetworkInterface$ClientLoopbackSocketFactory@6650217b]" daemon [_thread_blocked, id=7368, stack(0x0000000019420000,0x0000000019520000)]
  0x0000000017fe2000 JavaThread "RMI TCP Connection(2)-127.0.0.1" daemon [_thread_in_vm, id=15608, stack(0x0000000019320000,0x0000000019420000)]
  0x0000000017fdf000 JavaThread "RMI Scheduler(0)" daemon [_thread_blocked, id=4960, stack(0x0000000019220000,0x0000000019320000)]
  0x0000000017f60000 JavaThread "RMI TCP Connection(1)-127.0.0.1" daemon [_thread_in_native, id=14312, stack(0x0000000019120000,0x0000000019220000)]
  0x00000000023b3800 JavaThread "DestroyJavaVM" [_thread_blocked, id=6564, stack(0x0000000002210000,0x0000000002310000)]
  0x0000000017f4c000 JavaThread "GC Daemon" daemon [_thread_blocked, id=14276, stack(0x0000000018cc0000,0x0000000018dc0000)]
  0x0000000017f47000 JavaThread "RMI Reaper" [_thread_blocked, id=16624, stack(0x0000000018bc0000,0x0000000018cc0000)]
  0x0000000017f31800 JavaThread "Timer-0" daemon [_thread_blocked, id=16928, stack(0x00000000189c0000,0x0000000018ac0000)]
  0x0000000017f2f000 JavaThread "RMI TCP Accept-17590" daemon [_thread_in_native, id=6036, stack(0x00000000188c0000,0x00000000189c0000)]
  0x00000000177a0800 JavaThread "Service Thread" daemon [_thread_blocked, id=3936, stack(0x0000000017b80000,0x0000000017c80000)]
  0x0000000015e28000 JavaThread "C1 CompilerThread2" daemon [_thread_blocked, id=11308, stack(0x0000000017680000,0x0000000017780000)]
=>0x0000000015e23800 JavaThread "C2 CompilerThread1" daemon [_thread_in_native, id=12484, stack(0x0000000017580000,0x0000000017680000)]
  0x0000000015e1f000 JavaThread "C2 CompilerThread0" daemon [_thread_in_native, id=9184, stack(0x0000000017480000,0x0000000017580000)]
  0x0000000015e1d800 JavaThread "Attach Listener" daemon [_thread_blocked, id=15272, stack(0x0000000017380000,0x0000000017480000)]
  0x0000000015e1c800 JavaThread "Signal Dispatcher" daemon [_thread_blocked, id=13544, stack(0x0000000017280000,0x0000000017380000)]
  0x00000000024ad800 JavaThread "Finalizer" daemon [_thread_blocked, id=10052, stack(0x0000000017070000,0x0000000017170000)]
  0x00000000024a4800 JavaThread "Reference Handler" daemon [_thread_blocked, id=2400, stack(0x0000000016f70000,0x0000000017070000)]

Other Threads:
  0x0000000015de6000 VMThread [stack: 0x0000000016e70000,0x0000000016f70000] [id=12760]
  0x0000000015e7e800 WatcherThread [stack: 0x0000000017c80000,0x0000000017d80000] [id=12664]

VM state:not at safepoint (normal execution)

VM Mutex/Monitor currently owned by a thread: None

Heap:
 PSYoungGen      total 139264K, used 56296K [0x00000000e0000000, 0x00000000ed280000, 0x0000000100000000)
  eden space 117248K, 29% used [0x00000000e0000000,0x00000000e217a990,0x00000000e7280000)
  from space 22016K, 99% used [0x00000000e7280000,0x00000000e87ff9b0,0x00000000e8800000)
  to   space 28672K, 0% used [0x00000000eb680000,0x00000000eb680000,0x00000000ed280000)
 ParOldGen       total 138752K, used 37074K [0x00000000a0000000, 0x00000000a8780000, 0x00000000e0000000)
  object space 138752K, 26% used [0x00000000a0000000,0x00000000a2434a80,0x00000000a8780000)
 Metaspace       used 49482K, capacity 50382K, committed 50688K, reserved 1093632K
  class space    used 6038K, capacity 6273K, committed 6400K, reserved 1048576K

Card table byte_map: [0x0000000011870000,0x0000000011b80000] byte_map_base: 0x0000000011370000

Marking Bits: (ParMarkBitMap*) 0x000000005e224970
 Begin Bits: [0x0000000012180000, 0x0000000013980000)
 End Bits:   [0x0000000013980000, 0x0000000015180000)

Polling page: 0x0000000000440000

CodeCache: size=245760Kb used=22666Kb max_used=22670Kb free=223093Kb
 bounds [0x00000000024b0000, 0x0000000003b00000, 0x00000000114b0000]
 total_blobs=7329 nmethods=6830 adapters=411
 compilation: enabled

Compilation events (10 events):
Event: 12.488 Thread 0x0000000015e28000 7497       3       org.jetbrains.kotlin.metadata.jvm.JvmProtoBuf$JvmPropertySignature::newBuilderForType (4 bytes)
Event: 12.488 Thread 0x0000000015e28000 nmethod 7497 0x000000000266f010 code [0x000000000266f1a0, 0x000000000266f4a8]
Event: 12.506 Thread 0x0000000015e28000 7498       1       org.jetbrains.kotlin.serialization.deserialization.DeserializationComponents::getAdditionalClassPartsProvider (5 bytes)
Event: 12.506 Thread 0x0000000015e28000 nmethod 7498 0x0000000002e95850 code [0x0000000002e959a0, 0x0000000002e95ab0]
Event: 12.507 Thread 0x0000000015e28000 7499       3       org.jetbrains.kotlin.resolve.calls.CandidateResolver::checkAllValueArguments (74 bytes)
Event: 12.508 Thread 0x0000000015e28000 nmethod 7499 0x0000000002aceed0 code [0x0000000002acf100, 0x0000000002acfa28]
Event: 12.508 Thread 0x0000000015e28000 7500       3       org.jetbrains.kotlin.resolve.calls.tasks.TracingStrategyImpl::bindResolvedCall (15 bytes)
Event: 12.508 Thread 0x0000000015e28000 nmethod 7500 0x0000000002acea50 code [0x0000000002acebc0, 0x0000000002acee08]
Event: 12.508 Thread 0x0000000015e28000 7502       1       org.jetbrains.kotlin.resolve.constants.ConstantValue::getValue (5 bytes)
Event: 12.508 Thread 0x0000000015e28000 nmethod 7502 0x0000000002ebcf90 code [0x0000000002ebd0e0, 0x0000000002ebd1f0]

GC Heap History (10 events):
Event: 6.504 GC heap before
{Heap before GC invocations=6 (full 2):
 PSYoungGen      total 57344K, used 49152K [0x00000000e0000000, 0x00000000e7000000, 0x0000000100000000)
  eden space 49152K, 100% used [0x00000000e0000000,0x00000000e3000000,0x00000000e3000000)
  from space 8192K, 0% used [0x00000000e3000000,0x00000000e3000000,0x00000000e3800000)
  to   space 8192K, 0% used [0x00000000e6800000,0x00000000e6800000,0x00000000e7000000)
 ParOldGen       total 78848K, used 9197K [0x00000000a0000000, 0x00000000a4d00000, 0x00000000e0000000)
  object space 78848K, 11% used [0x00000000a0000000,0x00000000a08fb5d0,0x00000000a4d00000)
 Metaspace       used 27661K, capacity 28156K, committed 28544K, reserved 1075200K
  class space    used 3495K, capacity 3647K, committed 3712K, reserved 1048576K
Event: 6.517 GC heap after
Heap after GC invocations=6 (full 2):
 PSYoungGen      total 88576K, used 8171K [0x00000000e0000000, 0x00000000e7000000, 0x0000000100000000)
  eden space 80384K, 0% used [0x00000000e0000000,0x00000000e0000000,0x00000000e4e80000)
  from space 8192K, 99% used [0x00000000e6800000,0x00000000e6ffad10,0x00000000e7000000)
  to   space 8192K, 0% used [0x00000000e6000000,0x00000000e6000000,0x00000000e6800000)
 ParOldGen       total 78848K, used 12444K [0x00000000a0000000, 0x00000000a4d00000, 0x00000000e0000000)
  object space 78848K, 15% used [0x00000000a0000000,0x00000000a0c27188,0x00000000a4d00000)
 Metaspace       used 27661K, capacity 28156K, committed 28544K, reserved 1075200K
  class space    used 3495K, capacity 3647K, committed 3712K, reserved 1048576K
}
Event: 7.530 GC heap before
{Heap before GC invocations=7 (full 2):
 PSYoungGen      total 88576K, used 49412K [0x00000000e0000000, 0x00000000e7000000, 0x0000000100000000)
  eden space 80384K, 51% used [0x00000000e0000000,0x00000000e2846588,0x00000000e4e80000)
  from space 8192K, 99% used [0x00000000e6800000,0x00000000e6ffad10,0x00000000e7000000)
  to   space 8192K, 0% used [0x00000000e6000000,0x00000000e6000000,0x00000000e6800000)
 ParOldGen       total 78848K, used 12444K [0x00000000a0000000, 0x00000000a4d00000, 0x00000000e0000000)
  object space 78848K, 15% used [0x00000000a0000000,0x00000000a0c27188,0x00000000a4d00000)
 Metaspace       used 34614K, capacity 35135K, committed 35456K, reserved 1081344K
  class space    used 4329K, capacity 4477K, committed 4480K, reserved 1048576K
Event: 7.542 GC heap after
Heap after GC invocations=7 (full 2):
 PSYoungGen      total 106496K, used 8178K [0x00000000e0000000, 0x00000000e9000000, 0x0000000100000000)
  eden space 98304K, 0% used [0x00000000e0000000,0x00000000e0000000,0x00000000e6000000)
  from space 8192K, 99% used [0x00000000e6000000,0x00000000e67fcba8,0x00000000e6800000)
  to   space 8192K, 0% used [0x00000000e8800000,0x00000000e8800000,0x00000000e9000000)
 ParOldGen       total 78848K, used 19850K [0x00000000a0000000, 0x00000000a4d00000, 0x00000000e0000000)
  object space 78848K, 25% used [0x00000000a0000000,0x00000000a1362ba8,0x00000000a4d00000)
 Metaspace       used 34614K, capacity 35135K, committed 35456K, reserved 1081344K
  class space    used 4329K, capacity 4477K, committed 4480K, reserved 1048576K
}
Event: 7.542 GC heap before
{Heap before GC invocations=8 (full 3):
 PSYoungGen      total 106496K, used 8178K [0x00000000e0000000, 0x00000000e9000000, 0x0000000100000000)
  eden space 98304K, 0% used [0x00000000e0000000,0x00000000e0000000,0x00000000e6000000)
  from space 8192K, 99% used [0x00000000e6000000,0x00000000e67fcba8,0x00000000e6800000)
  to   space 8192K, 0% used [0x00000000e8800000,0x00000000e8800000,0x00000000e9000000)
 ParOldGen       total 78848K, used 19850K [0x00000000a0000000, 0x00000000a4d00000, 0x00000000e0000000)
  object space 78848K, 25% used [0x00000000a0000000,0x00000000a1362ba8,0x00000000a4d00000)
 Metaspace       used 34614K, capacity 35135K, committed 35456K, reserved 1081344K
  class space    used 4329K, capacity 4477K, committed 4480K, reserved 1048576K
Event: 7.639 GC heap after
Heap after GC invocations=8 (full 3):
 PSYoungGen      total 106496K, used 0K [0x00000000e0000000, 0x00000000e9000000, 0x0000000100000000)
  eden space 98304K, 0% used [0x00000000e0000000,0x00000000e0000000,0x00000000e6000000)
  from space 8192K, 0% used [0x00000000e6000000,0x00000000e6000000,0x00000000e6800000)
  to   space 8192K, 0% used [0x00000000e8800000,0x00000000e8800000,0x00000000e9000000)
 ParOldGen       total 138752K, used 21132K [0x00000000a0000000, 0x00000000a8780000, 0x00000000e0000000)
  object space 138752K, 15% used [0x00000000a0000000,0x00000000a14a3178,0x00000000a8780000)
 Metaspace       used 34614K, capacity 35135K, committed 35456K, reserved 1081344K
  class space    used 4329K, capacity 4477K, committed 4480K, reserved 1048576K
}
Event: 9.316 GC heap before
{Heap before GC invocations=9 (full 3):
 PSYoungGen      total 106496K, used 98304K [0x00000000e0000000, 0x00000000e9000000, 0x0000000100000000)
  eden space 98304K, 100% used [0x00000000e0000000,0x00000000e6000000,0x00000000e6000000)
  from space 8192K, 0% used [0x00000000e6000000,0x00000000e6000000,0x00000000e6800000)
  to   space 8192K, 0% used [0x00000000e8800000,0x00000000e8800000,0x00000000e9000000)
 ParOldGen       total 138752K, used 21132K [0x00000000a0000000, 0x00000000a8780000, 0x00000000e0000000)
  object space 138752K, 15% used [0x00000000a0000000,0x00000000a14a3178,0x00000000a8780000)
 Metaspace       used 41136K, capacity 41788K, committed 42112K, reserved 1085440K
  class space    used 5033K, capacity 5192K, committed 5248K, reserved 1048576K
Event: 9.334 GC heap after
Heap after GC invocations=9 (full 3):
 PSYoungGen      total 125440K, used 8162K [0x00000000e0000000, 0x00000000eaa80000, 0x0000000100000000)
  eden space 117248K, 0% used [0x00000000e0000000,0x00000000e0000000,0x00000000e7280000)
  from space 8192K, 99% used [0x00000000e8800000,0x00000000e8ff8a10,0x00000000e9000000)
  to   space 22016K, 0% used [0x00000000e7280000,0x00000000e7280000,0x00000000e8800000)
 ParOldGen       total 138752K, used 31328K [0x00000000a0000000, 0x00000000a8780000, 0x00000000e0000000)
  object space 138752K, 22% used [0x00000000a0000000,0x00000000a1e98128,0x00000000a8780000)
 Metaspace       used 41136K, capacity 41788K, committed 42112K, reserved 1085440K
  class space    used 5033K, capacity 5192K, committed 5248K, reserved 1048576K
}
Event: 11.728 GC heap before
{Heap before GC invocations=10 (full 3):
 PSYoungGen      total 125440K, used 125410K [0x00000000e0000000, 0x00000000eaa80000, 0x0000000100000000)
  eden space 117248K, 100% used [0x00000000e0000000,0x00000000e7280000,0x00000000e7280000)
  from space 8192K, 99% used [0x00000000e8800000,0x00000000e8ff8a10,0x00000000e9000000)
  to   space 22016K, 0% used [0x00000000e7280000,0x00000000e7280000,0x00000000e8800000)
 ParOldGen       total 138752K, used 31328K [0x00000000a0000000, 0x00000000a8780000, 0x00000000e0000000)
  object space 138752K, 22% used [0x00000000a0000000,0x00000000a1e98128,0x00000000a8780000)
 Metaspace       used 47788K, capacity 48594K, committed 48896K, reserved 1091584K
  class space    used 5842K, capacity 6067K, committed 6144K, reserved 1048576K
Event: 11.770 GC heap after
Heap after GC invocations=10 (full 3):
 PSYoungGen      total 139264K, used 22014K [0x00000000e0000000, 0x00000000ed280000, 0x0000000100000000)
  eden space 117248K, 0% used [0x00000000e0000000,0x00000000e0000000,0x00000000e7280000)
  from space 22016K, 99% used [0x00000000e7280000,0x00000000e87ff9b0,0x00000000e8800000)
  to   space 28672K, 0% used [0x00000000eb680000,0x00000000eb680000,0x00000000ed280000)
 ParOldGen       total 138752K, used 37074K [0x00000000a0000000, 0x00000000a8780000, 0x00000000e0000000)
  object space 138752K, 26% used [0x00000000a0000000,0x00000000a2434a80,0x00000000a8780000)
 Metaspace       used 47788K, capacity 48594K, committed 48896K, reserved 1091584K
  class space    used 5842K, capacity 6067K, committed 6144K, reserved 1048576K
}

Deoptimization events (10 events):
Event: 12.412 Thread 0x0000000017fe2000 Uncommon trap: reason=class_check action=maybe_recompile pc=0x0000000003916d50 method=org.jetbrains.kotlin.types.FlexibleTypesKt.lowerIfFlexible(Lorg/jetbrains/kotlin/types/KotlinType;)Lorg/jetbrains/kotlin/types/SimpleType; @ 23
Event: 12.412 Thread 0x0000000017fe2000 Uncommon trap: reason=class_check action=maybe_recompile pc=0x0000000003916d50 method=org.jetbrains.kotlin.types.FlexibleTypesKt.lowerIfFlexible(Lorg/jetbrains/kotlin/types/KotlinType;)Lorg/jetbrains/kotlin/types/SimpleType; @ 23
Event: 12.412 Thread 0x0000000017fe2000 Uncommon trap: reason=class_check action=maybe_recompile pc=0x0000000003916d50 method=org.jetbrains.kotlin.types.FlexibleTypesKt.lowerIfFlexible(Lorg/jetbrains/kotlin/types/KotlinType;)Lorg/jetbrains/kotlin/types/SimpleType; @ 23
Event: 12.476 Thread 0x0000000017fe2000 Uncommon trap: reason=class_check action=maybe_recompile pc=0x0000000002afd998 method=org.jetbrains.kotlin.load.java.structure.impl.classFiles.BinaryJavaMethodBase$Companion.create(Ljava/lang/String;ILjava/lang/String;Ljava/lang/String;Lorg/jetbrains/kotl
Event: 12.476 Thread 0x0000000017fe2000 Uncommon trap: reason=unstable_if action=reinterpret pc=0x00000000036b7038 method=org.jetbrains.kotlin.serialization.deserialization.descriptors.DeserializedMemberScope.getContributedClassifier(Lorg/jetbrains/kotlin/name/Name;Lorg/jetbrains/kotlin/increme
Event: 12.477 Thread 0x0000000017fe2000 Uncommon trap: reason=unstable_if action=reinterpret pc=0x0000000003706da4 method=org.jetbrains.kotlin.load.java.lazy.descriptors.JvmPackageScope.getContributedClassifier(Lorg/jetbrains/kotlin/name/Name;Lorg/jetbrains/kotlin/incremental/components/LookupL
Event: 12.481 Thread 0x0000000017fe2000 Uncommon trap: reason=bimorphic action=maybe_recompile pc=0x0000000002e8cfac method=org.jetbrains.kotlin.types.DelegatingSimpleType.isMarkedNullable()Z @ 1
Event: 12.482 Thread 0x0000000017fe2000 Uncommon trap: reason=bimorphic action=maybe_recompile pc=0x0000000002e8cfac method=org.jetbrains.kotlin.types.DelegatingSimpleType.isMarkedNullable()Z @ 1
Event: 12.484 Thread 0x0000000017fe2000 Uncommon trap: reason=bimorphic action=maybe_recompile pc=0x0000000002e8cfac method=org.jetbrains.kotlin.types.DelegatingSimpleType.isMarkedNullable()Z @ 1
Event: 12.484 Thread 0x0000000017fe2000 Uncommon trap: reason=bimorphic action=maybe_recompile pc=0x0000000002e8cfac method=org.jetbrains.kotlin.types.DelegatingSimpleType.isMarkedNullable()Z @ 1

Classes redefined (0 events):
No events

Internal exceptions (10 events):
Event: 7.906 Thread 0x0000000017fe2000 Exception <a 'java/lang/NoSuchMethodError': java.lang.Object.lambda$static$0(I)[Lorg/jetbrains/kotlin/com/intellij/psi/PsiClass;> (0x00000000e1021918) thrown at [D:\src\AOSP-openjdk-cygwin\jdk8u\hotspot\src\share\vm\interpreter\linkResolver.cpp, line 584]
Event: 10.039 Thread 0x0000000017fe2000 Exception <a 'java/lang/NoSuchMethodError': java.lang.Object.lambda$static$0(I)[Lorg/jetbrains/kotlin/com/intellij/psi/PsiTypeElement;> (0x00000000e2c173b8) thrown at [D:\src\AOSP-openjdk-cygwin\jdk8u\hotspot\src\share\vm\interpreter\linkResolver.cpp, lin
Event: 10.124 Thread 0x0000000017fe2000 Exception <a 'java/lang/NoSuchMethodError': java.lang.Object.lambda$static$0(I)[Lorg/jetbrains/kotlin/com/intellij/psi/PsiTypeParameter;> (0x00000000e30cca48) thrown at [D:\src\AOSP-openjdk-cygwin\jdk8u\hotspot\src\share\vm\interpreter\linkResolver.cpp, l
Event: 10.148 Thread 0x0000000017fe2000 Exception <a 'java/lang/NoSuchMethodError': java.lang.Object.lambda$static$0(I)[Lorg/jetbrains/kotlin/com/intellij/psi/PsiMethod;> (0x00000000e31a00e8) thrown at [D:\src\AOSP-openjdk-cygwin\jdk8u\hotspot\src\share\vm\interpreter\linkResolver.cpp, line 584
Event: 10.150 Thread 0x0000000017fe2000 Exception <a 'java/lang/NoSuchMethodError': java.lang.Object.lambda$static$0(I)[Lorg/jetbrains/kotlin/com/intellij/psi/PsiField;> (0x00000000e31ab1d0) thrown at [D:\src\AOSP-openjdk-cygwin\jdk8u\hotspot\src\share\vm\interpreter\linkResolver.cpp, line 584]
Event: 10.181 Thread 0x0000000017fe2000 Exception <a 'java/lang/NoSuchMethodError': java.lang.Object.lambda$static$0(I)[Lorg/jetbrains/kotlin/com/intellij/psi/PsiJavaCodeReferenceElement;> (0x00000000e32b7570) thrown at [D:\src\AOSP-openjdk-cygwin\jdk8u\hotspot\src\share\vm\interpreter\linkReso
Event: 10.341 Thread 0x0000000017fe2000 Implicit null exception at 0x0000000002c1c00c to 0x0000000002c1c0b5
Event: 10.358 Thread 0x0000000017fe2000 Implicit null exception at 0x00000000026eccd6 to 0x00000000026ed071
Event: 10.380 Thread 0x0000000017fe2000 Implicit null exception at 0x00000000026ba7d6 to 0x00000000026bab6d
Event: 11.795 Thread 0x0000000017fe2000 Implicit null exception at 0x0000000003879463 to 0x0000000003879add

Events (10 events):
Event: 12.539 loading class org/jetbrains/kotlin/resolve/constants/evaluate/OperationsMapGeneratedKt$binaryOperations$27
Event: 12.539 loading class org/jetbrains/kotlin/resolve/constants/evaluate/OperationsMapGeneratedKt$binaryOperations$27 done
Event: 12.540 loading class org/jetbrains/kotlin/resolve/constants/evaluate/OperationsMapGeneratedKt$binaryOperations$28
Event: 12.540 loading class org/jetbrains/kotlin/resolve/constants/evaluate/OperationsMapGeneratedKt$binaryOperations$28 done
Event: 12.540 loading class org/jetbrains/kotlin/resolve/constants/evaluate/OperationsMapGeneratedKt$binaryOperations$29
Event: 12.540 loading class org/jetbrains/kotlin/resolve/constants/evaluate/OperationsMapGeneratedKt$binaryOperations$29 done
Event: 12.540 loading class org/jetbrains/kotlin/resolve/constants/evaluate/OperationsMapGeneratedKt$binaryOperations$30
Event: 12.540 loading class org/jetbrains/kotlin/resolve/constants/evaluate/OperationsMapGeneratedKt$binaryOperations$30 done
Event: 12.540 loading class org/jetbrains/kotlin/resolve/constants/evaluate/OperationsMapGeneratedKt$binaryOperations$31
Event: 12.540 loading class org/jetbrains/kotlin/resolve/constants/evaluate/OperationsMapGeneratedKt$binaryOperations$31 done


Dynamic libraries:
0x00007ff6b0b60000 - 0x00007ff6b0b91000 	C:\Program Files\Android\Android Studio\jre\jre\bin\java.exe
0x00007ff862ac0000 - 0x00007ff862ca1000 	C:\WINDOWS\SYSTEM32\ntdll.dll
0x00007ff860d00000 - 0x00007ff860db2000 	C:\WINDOWS\System32\KERNEL32.DLL
0x00007ff85f0b0000 - 0x00007ff85f323000 	C:\WINDOWS\System32\KERNELBASE.dll
0x00007ff8604d0000 - 0x00007ff860571000 	C:\WINDOWS\System32\ADVAPI32.dll
0x00007ff8623d0000 - 0x00007ff86246e000 	C:\WINDOWS\System32\msvcrt.dll
0x00007ff8600f0000 - 0x00007ff86014b000 	C:\WINDOWS\System32\sechost.dll
0x00007ff862960000 - 0x00007ff862a84000 	C:\WINDOWS\System32\RPCRT4.dll
0x00007ff860580000 - 0x00007ff860710000 	C:\WINDOWS\System32\USER32.dll
0x00007ff85fbf0000 - 0x00007ff85fc10000 	C:\WINDOWS\System32\win32u.dll
0x00007ff860ab0000 - 0x00007ff860ad8000 	C:\WINDOWS\System32\GDI32.dll
0x00007ff85ef10000 - 0x00007ff85f0a2000 	C:\WINDOWS\System32\gdi32full.dll
0x00007ff85fc10000 - 0x00007ff85fcaf000 	C:\WINDOWS\System32\msvcp_win.dll
0x00007ff85f330000 - 0x00007ff85f42a000 	C:\WINDOWS\System32\ucrtbase.dll
0x00007ff858690000 - 0x00007ff8588f9000 	C:\WINDOWS\WinSxS\amd64_microsoft.windows.common-controls_6595b64144ccf1df_6.0.17134.285_none_fb4297e330656775\COMCTL32.dll
0x00007ff860710000 - 0x00007ff860a33000 	C:\WINDOWS\System32\combase.dll
0x00007ff85ee90000 - 0x00007ff85ef0a000 	C:\WINDOWS\System32\bcryptPrimitives.dll
0x00007ff8603c0000 - 0x00007ff8603ed000 	C:\WINDOWS\System32\IMM32.DLL
0x000000005e9e0000 - 0x000000005eab2000 	C:\Program Files\Android\Android Studio\jre\jre\bin\msvcr100.dll
0x000000005da60000 - 0x000000005e29f000 	C:\Program Files\Android\Android Studio\jre\jre\bin\server\jvm.dll
0x00007ff860230000 - 0x00007ff860238000 	C:\WINDOWS\System32\PSAPI.DLL
0x00007ff85dc60000 - 0x00007ff85dc69000 	C:\WINDOWS\SYSTEM32\WSOCK32.dll
0x00007ff85c3e0000 - 0x00007ff85c3ea000 	C:\WINDOWS\SYSTEM32\VERSION.dll
0x00007ff852850000 - 0x00007ff852873000 	C:\WINDOWS\SYSTEM32\WINMM.dll
0x00007ff860a40000 - 0x00007ff860aac000 	C:\WINDOWS\System32\WS2_32.dll
0x00007ff852820000 - 0x00007ff85284a000 	C:\WINDOWS\SYSTEM32\WINMMBASE.dll
0x00007ff85fea0000 - 0x00007ff85fee9000 	C:\WINDOWS\System32\cfgmgr32.dll
0x00007ff85c620000 - 0x00007ff85c62f000 	C:\Program Files\Android\Android Studio\jre\jre\bin\verify.dll
0x00007ff8454e0000 - 0x00007ff845509000 	C:\Program Files\Android\Android Studio\jre\jre\bin\java.dll
0x00007ff8454c0000 - 0x00007ff8454d6000 	C:\Program Files\Android\Android Studio\jre\jre\bin\zip.dll
0x00007ff860f30000 - 0x00007ff862370000 	C:\WINDOWS\System32\SHELL32.dll
0x00007ff860c50000 - 0x00007ff860cf9000 	C:\WINDOWS\System32\shcore.dll
0x00007ff85f430000 - 0x00007ff85fb3d000 	C:\WINDOWS\System32\windows.storage.dll
0x00007ff8601b0000 - 0x00007ff860201000 	C:\WINDOWS\System32\shlwapi.dll
0x00007ff85ee70000 - 0x00007ff85ee81000 	C:\WINDOWS\System32\kernel.appcore.dll
0x00007ff85ee20000 - 0x00007ff85ee3f000 	C:\WINDOWS\System32\profapi.dll
0x00007ff85edd0000 - 0x00007ff85ee1c000 	C:\WINDOWS\System32\powrprof.dll
0x00007ff85ee40000 - 0x00007ff85ee4a000 	C:\WINDOWS\System32\FLTLIB.DLL
0x00007ff853410000 - 0x00007ff85341d000 	C:\Program Files\Android\Android Studio\jre\jre\bin\management.dll
0x00007ff8453c0000 - 0x00007ff8453da000 	C:\Program Files\Android\Android Studio\jre\jre\bin\net.dll
0x00007ff85e650000 - 0x00007ff85e6b6000 	C:\WINDOWS\system32\mswsock.dll
0x00007ff8453a0000 - 0x00007ff8453b1000 	C:\Program Files\Android\Android Studio\jre\jre\bin\nio.dll
0x00007ff85e810000 - 0x00007ff85e827000 	C:\WINDOWS\SYSTEM32\CRYPTSP.dll
0x00007ff85e230000 - 0x00007ff85e263000 	C:\WINDOWS\system32\rsaenh.dll
0x00007ff85e930000 - 0x00007ff85e955000 	C:\WINDOWS\SYSTEM32\bcrypt.dll
0x00007ff85ecd0000 - 0x00007ff85ecf8000 	C:\WINDOWS\SYSTEM32\USERENV.dll
0x00007ff85e800000 - 0x00007ff85e80b000 	C:\WINDOWS\SYSTEM32\CRYPTBASE.dll
0x00007ff85e3d0000 - 0x00007ff85e408000 	C:\WINDOWS\SYSTEM32\IPHLPAPI.DLL
0x00007ff860c40000 - 0x00007ff860c48000 	C:\WINDOWS\System32\NSI.dll
0x00007ff85ac80000 - 0x00007ff85ac96000 	C:\WINDOWS\SYSTEM32\dhcpcsvc6.DLL
0x00007ff85ac30000 - 0x00007ff85ac4a000 	C:\WINDOWS\SYSTEM32\dhcpcsvc.DLL

VM Arguments:
jvm_args: -Djava.awt.headless=true -Djava.rmi.server.hostname=localhost -Xmx1536m -Dkotlin.environment.keepalive 
java_command: org.jetbrains.kotlin.daemon.KotlinCompileDaemon --daemon-runFilesPath C:\Users\Raziel214\AppData\Local\kotlin\daemon --daemon-autoshutdownIdleSeconds=7200 --daemon-compilerClasspath C:\Users\Raziel214\.gradle\caches\modules-2\files-2.1\org.jetbrains.kotlin\kotlin-compiler-embeddable\1.2.61\8f4812486d21943cea3f170d53537e628f7eef8c\kotlin-compiler-embeddable-1.2.61.jar;C:\Users\Raziel214\.gradle\caches\modules-2\files-2.1\org.jetbrains.kotlin\kotlin-reflect\1.2.61\6fd5bcfc9ffc446dd147ea006bee7ef5f0ad8ca4\kotlin-reflect-1.2.61.jar;C:\Users\Raziel214\.gradle\caches\modules-2\files-2.1\org.jetbrains.kotlin\kotlin-stdlib\1.2.61\5bc44acc4b3f0d19166ae3e50454b41e8ff29335\kotlin-stdlib-1.2.61.jar;C:\Users\Raziel214\.gradle\caches\modules-2\files-2.1\org.jetbrains.kotlin\kotlin-script-runtime\1.2.61\75e4bfc103b71324be6fc862ce806d5399508a14\kotlin-script-runtime-1.2.61.jar;C:\Users\Raziel214\.gradle\caches\modules-2\files-2.1\org.jetbrains.kotlin\kotlin-stdlib-common\1.2.61\772de03e12d932f489e41aef997d26c20a4ebee6\kotlin-stdlib-common-1.2.61.jar;C:\Program Files\Android\Android Studio\gradle\m2repository\org\jetbrains\annotations\13.0\annotations-13.0.jar;C:\Program Files\Android\Android Studio\jre\lib\tools.jar
java_class_path (initial): C:\Users\Raziel214\.gradle\caches\modules-2\files-2.1\org.jetbrains.kotlin\kotlin-compiler-embeddable\1.2.61\8f4812486d21943cea3f170d53537e628f7eef8c\kotlin-compiler-embeddable-1.2.61.jar;C:\Users\Raziel214\.gradle\caches\modules-2\files-2.1\org.jetbrains.kotlin\kotlin-reflect\1.2.61\6fd5bcfc9ffc446dd147ea006bee7ef5f0ad8ca4\kotlin-reflect-1.2.61.jar;C:\Users\Raziel214\.gradle\caches\modules-2\files-2.1\org.jetbrains.kotlin\kotlin-stdlib\1.2.61\5bc44acc4b3f0d19166ae3e50454b41e8ff29335\kotlin-stdlib-1.2.61.jar;C:\Users\Raziel214\.gradle\caches\modules-2\files-2.1\org.jetbrains.kotlin\kotlin-script-runtime\1.2.61\75e4bfc103b71324be6fc862ce806d5399508a14\kotlin-script-runtime-1.2.61.jar;C:\Users\Raziel214\.gradle\caches\modules-2\files-2.1\org.jetbrains.kotlin\kotlin-stdlib-common\1.2.61\772de03e12d932f489e41aef997d26c20a4ebee6\kotlin-stdlib-common-1.2.61.jar;C:\Program Files\Android\Android Studio\gradle\m2repository\org\jetbrains\annotations\13.0\annotations-13.0.jar;C:\Program Files\Android\Android Studio\jre\lib\tools.jar
Launcher Type: SUN_STANDARD

Environment Variables:
JAVA_HOME=C:\Program Files\Java\jdk-10.0.1\
PATH=C:\Program Files\Java\jdk-10.0.1\bin;C:\Program Files\Microsoft MPI\Bin\;C:\Program Files (x86)\Intel\iCLS Client\;C:\ProgramData\Oracle\Java\javapath;C:\Program Files\Intel\iCLS Client\;C:\windows\system32;C:\windows;C:\windows\System32\Wbem;C:\windows\System32\WindowsPowerShell\v1.0\;C:\Program Files (x86)\NVIDIA Corporation\PhysX\Common;C:\Program Files\Git\cmd;C:\WINDOWS\system32;C:\WINDOWS;C:\WINDOWS\System32\Wbem;C:\WINDOWS\System32\WindowsPowerShell\v1.0\;C:\Program Files\nodejs\;C:\Program Files (x86)\Intel\Intel(R) Management Engine Components\DAL;C:\Program Files\Intel\Intel(R) Management Engine Components\DAL;C:\Program Files (x86)\Intel\Intel(R) Management Engine Components\IPT;C:\Program Files\Intel\Intel(R) Management Engine Components\IPT;C:\Users\Raziel214\.dnx\bin;C:\Program Files\Microsoft DNX\Dnvm\;C:\Program Files\Microsoft SQL Server\130\Tools\Binn\;C:\Program Files (x86)\Microsoft SQL Server\130\Tools\Binn\;C:\Program Files (x86)\Microsoft SQL Server\130\DTS\Binn\;C:\Program Files\Micros;C:\Users\Raziel214\AppData\Local\Programs\Python\Python37-32\;C:\Program Files\kotlinc\bin;C:\Users\RAZIEL~1\AppData\Local\Programs\Python\Python37-32\Scripts;C:\xampp\php;C:\composer;C:\Users\Raziel214\AppData\Local\Microsoft\WindowsApps;C:\Users\Raziel214\AppData\Local\atom\bin;C:\Users\Raziel214\AppData\Roaming\npm;C:\Users\Raziel214\AppData\Local\GitHubDesktop\bin;C:\Users\Raziel214\AppData\Local\Microsoft\WindowsApps;C:\Program Files\heroku\bin;C:\Users\Raziel214\AppData\Roaming\Composer\vendor\bin
USERNAME=Raziel214
OS=Windows_NT
PROCESSOR_IDENTIFIER=Intel64 Family 6 Model 78 Stepping 3, GenuineIntel



---------------  S Y S T E M  ---------------

OS: Windows 10.0 , 64 bit Build 17134 (10.0.17134.1)

CPU:total 4 (initial active 4) (2 cores per cpu, 2 threads per core) family 6 model 78 stepping 3, cmov, cx8, fxsr, mmx, sse, sse2, sse3, ssse3, sse4.1, sse4.2, popcnt, avx, avx2, aes, clmul, erms, 3dnowpref, lzcnt, ht, tsc, tscinvbit, bmi1, bmi2, adx

Memory: 4k page, physical 12470184k(3045544k free), swap 13084584k(5128k free)

vm_info: OpenJDK 64-Bit Server VM (25.152-b02) for windows-amd64 JRE (1.8.0_152-release-1024-b02), built by "builder" with MS VC++ 10.0 (VS2010)

time: Sun Sep 16 15:52:09 2018
elapsed time: 12 seconds (0d 0h 0m 12s)

