#
# There is insufficient memory for the Java Runtime Environment to continue.
# Native memory allocation (malloc) failed to allocate 2518096 bytes for Chunk::new
# Possible reasons:
#   The system is out of physical RAM or swap space
#   In 32 bit mode, the process size limit was hit
# Possible solutions:
#   Reduce memory load on the system
#   Increase physical memory or swap space
#   Check if swap backing store is full
#   Use 64 bit Java on a 64 bit OS
#   Decrease Java heap size (-Xmx/-Xms)
#   Decrease number of Java threads
#   Decrease Java thread stack sizes (-Xss)
#   Set larger code cache with -XX:ReservedCodeCacheSize=
# This output file may be truncated or incomplete.
#
#  Out of Memory Error (allocation.cpp:390), pid=8332, tid=0x0000000000001594
#
# JRE version: OpenJDK Runtime Environment (8.0_152-b02) (build 1.8.0_152-release-1024-b02)
# Java VM: OpenJDK 64-Bit Server VM (25.152-b02 mixed mode windows-amd64 compressed oops)
# Failed to write core dump. Minidumps are not enabled by default on client versions of Windows
#

---------------  T H R E A D  ---------------

Current thread (0x0000000016bcd800):  JavaThread "C2 CompilerThread0" daemon [_thread_in_native, id=5524, stack(0x0000000018240000,0x0000000018340000)]

Stack: [0x0000000018240000,0x0000000018340000]
[error occurred during error reporting (printing stack bounds), id 0xc0000005]

Native frames: (J=compiled Java code, j=interpreted, Vv=VM code, C=native code)


Current CompileTask:
C2:  33141 4493       4       org.gradle.model.internal.type.ModelType::wrap (219 bytes)


---------------  P R O C E S S  ---------------

Java Threads: ( => current thread )
  0x000000001a1a3000 JavaThread "Memory manager" [_thread_blocked, id=212, stack(0x00000000202f0000,0x00000000203f0000)]
  0x000000001a1a8800 JavaThread "build operations Thread 4" [_thread_blocked, id=15620, stack(0x000000001fbf0000,0x000000001fcf0000)]
  0x000000001a1a5000 JavaThread "build operations Thread 3" [_thread_blocked, id=12384, stack(0x000000001faf0000,0x000000001fbf0000)]
  0x000000001a1a4000 JavaThread "build operations Thread 2" [_thread_blocked, id=13124, stack(0x000000001f9f0000,0x000000001faf0000)]
  0x000000001a1a8000 JavaThread "build operations" [_thread_blocked, id=4236, stack(0x000000001f8f0000,0x000000001f9f0000)]
  0x0000000016be0000 JavaThread "Cache worker for Artifact transforms cache (C:\Users\Raziel214\.gradle\caches\transforms-1)" [_thread_blocked, id=1844, stack(0x000000001f3f0000,0x000000001f4f0000)]
  0x000000001c93c800 JavaThread "Cache worker for file hash cache (C:\Users\Raziel214\Documents\GitHub\PlatziStore\.gradle\4.4\fileHashes)" [_thread_blocked, id=11800, stack(0x000000001db20000,0x000000001dc20000)]
  0x0000000019d20800 JavaThread "File lock request listener" [_thread_in_native, id=2320, stack(0x000000001c680000,0x000000001c780000)]
  0x000000001951c800 JavaThread "Cache worker for file hash cache (C:\Users\Raziel214\.gradle\caches\4.4\fileHashes)" [_thread_blocked, id=10608, stack(0x000000001c580000,0x000000001c680000)]
  0x0000000019276000 JavaThread "Stdin handler" [_thread_blocked, id=10364, stack(0x000000001b2b0000,0x000000001b3b0000)]
  0x0000000019270000 JavaThread "Asynchronous log dispatcher for DefaultDaemonConnection: socket connection from /127.0.0.1:50939 to /127.0.0.1:50940" [_thread_blocked, id=12780, stack(0x000000001b1b0000,0x000000001b2b0000)]
  0x0000000019267000 JavaThread "Daemon worker" [_thread_in_native, id=15068, stack(0x000000001b0b0000,0x000000001b1b0000)]
  0x0000000019c5d800 JavaThread "Cancel handler" [_thread_blocked, id=13948, stack(0x000000001afb0000,0x000000001b0b0000)]
  0x000000001924b800 JavaThread "Handler for socket connection from /127.0.0.1:50939 to /127.0.0.1:50940" [_thread_in_native, id=7560, stack(0x000000001acb0000,0x000000001adb0000)]
  0x000000001924a800 JavaThread "Daemon" [_thread_blocked, id=10700, stack(0x000000001abb0000,0x000000001acb0000)]
  0x0000000018e5d800 JavaThread "Daemon periodic checks" [_thread_blocked, id=16268, stack(0x000000001aab0000,0x000000001abb0000)]
  0x0000000018e7b800 JavaThread "Incoming local TCP Connector on port 50939" [_thread_in_native, id=14624, stack(0x000000001a850000,0x000000001a950000)]
  0x0000000016c2e800 JavaThread "Service Thread" daemon [_thread_blocked, id=2552, stack(0x0000000018940000,0x0000000018a40000)]
  0x0000000016bdc000 JavaThread "C1 CompilerThread2" daemon [_thread_blocked, id=10148, stack(0x0000000018440000,0x0000000018540000)]
  0x0000000016bd5000 JavaThread "C2 CompilerThread1" daemon [_thread_in_native, id=1264, stack(0x0000000018340000,0x0000000018440000)]
=>0x0000000016bcd800 JavaThread "C2 CompilerThread0" daemon [_thread_in_native, id=5524, stack(0x0000000018240000,0x0000000018340000)]
  0x0000000016bcc000 JavaThread "Attach Listener" daemon [_thread_blocked, id=2076, stack(0x0000000018140000,0x0000000018240000)]
  0x0000000016bca800 JavaThread "Signal Dispatcher" daemon [_thread_blocked, id=6340, stack(0x0000000018040000,0x0000000018140000)]
  0x000000000325d000 JavaThread "Finalizer" daemon [_thread_blocked, id=8452, stack(0x0000000017e30000,0x0000000017f30000)]
  0x0000000003252000 JavaThread "Reference Handler" daemon [_thread_blocked, id=10160, stack(0x0000000017d30000,0x0000000017e30000)]
  0x0000000003162800 JavaThread "main" [_thread_blocked, id=1536, stack(0x0000000002f70000,0x0000000003070000)]

Other Threads:
  0x0000000016b96800 VMThread [stack: 0x0000000017c30000,0x0000000017d30000] [id=6904]
  0x0000000018590800 WatcherThread [stack: 0x0000000018a40000,0x0000000018b40000] [id=15888]

VM state:not at safepoint (normal execution)

VM Mutex/Monitor currently owned by a thread: None

Heap:
 PSYoungGen      total 53760K, used 9312K [0x00000000e0000000, 0x00000000e4100000, 0x0000000100000000)
  eden space 43008K, 7% used [0x00000000e0000000,0x00000000e033b5f8,0x00000000e2a00000)
  from space 10752K, 55% used [0x00000000e3680000,0x00000000e3c5ccb8,0x00000000e4100000)
  to   space 11776K, 0% used [0x00000000e2a00000,0x00000000e2a00000,0x00000000e3580000)
 ParOldGen       total 67072K, used 16207K [0x00000000a0000000, 0x00000000a4180000, 0x00000000e0000000)
  object space 67072K, 24% used [0x00000000a0000000,0x00000000a0fd3e18,0x00000000a4180000)
 Metaspace       used 41240K, capacity 41990K, committed 42328K, reserved 1085440K
  class space    used 5491K, capacity 5736K, committed 5760K, reserved 1048576K

Card table byte_map: [0x0000000012620000,0x0000000012930000] byte_map_base: 0x0000000012120000

Marking Bits: (ParMarkBitMap*) 0x00000000616f4970
 Begin Bits: [0x0000000012f30000, 0x0000000014730000)
 End Bits:   [0x0000000014730000, 0x0000000015f30000)

Polling page: 0x0000000001190000

CodeCache: size=245760Kb used=14784Kb max_used=15563Kb free=230975Kb
 bounds [0x0000000003260000, 0x00000000041d0000, 0x0000000012260000]
 total_blobs=4913 nmethods=4193 adapters=633
 compilation: enabled

Compilation events (10 events):
Event: 32.969 Thread 0x0000000016bdc000 4758       3       com.google.common.collect.Maps::newHashMap (8 bytes)
Event: 32.969 Thread 0x0000000016bdc000 nmethod 4758 0x0000000003bda950 code [0x0000000003bdaac0, 0x0000000003bdad70]
Event: 32.972 Thread 0x0000000016bd5000 nmethod 4757 0x000000000386c5d0 code [0x000000000386c740, 0x000000000386cb18]
Event: 33.008 Thread 0x0000000016bdc000 4759       3       com.google.common.collect.Sets::newLinkedHashSet (8 bytes)
Event: 33.009 Thread 0x0000000016bdc000 nmethod 4759 0x000000000336c7d0 code [0x000000000336c980, 0x000000000336ce28]
Event: 33.030 Thread 0x0000000016bdc000 4760       3       java.beans.MethodDescriptor::resolve (32 bytes)
Event: 33.030 Thread 0x0000000016bdc000 nmethod 4760 0x0000000003b56910 code [0x0000000003b56ac0, 0x0000000003b57150]
Event: 33.032 Thread 0x0000000016bd5000 4761       4       org.codehaus.groovy.util.SingleKeyHashMap::getOrPut (137 bytes)
Event: 33.038 Thread 0x0000000016bd5000 nmethod 4761 0x0000000003b53a90 code [0x0000000003b53c00, 0x0000000003b53f88]
Event: 33.043 Thread 0x0000000016bdc000 4762   !   3       org.gradle.api.internal.AbstractClassGenerator::generateUnderLock (1123 bytes)

GC Heap History (10 events):
Event: 20.008 GC heap before
{Heap before GC invocations=8 (full 1):
 PSYoungGen      total 56832K, used 54533K [0x00000000e0000000, 0x00000000e4400000, 0x0000000100000000)
  eden space 47104K, 100% used [0x00000000e0000000,0x00000000e2e00000,0x00000000e2e00000)
  from space 9728K, 76% used [0x00000000e3a80000,0x00000000e41c17b0,0x00000000e4400000)
  to   space 11264K, 0% used [0x00000000e2e00000,0x00000000e2e00000,0x00000000e3900000)
 ParOldGen       total 63488K, used 11028K [0x00000000a0000000, 0x00000000a3e00000, 0x00000000e0000000)
  object space 63488K, 17% used [0x00000000a0000000,0x00000000a0ac5040,0x00000000a3e00000)
 Metaspace       used 31882K, capacity 32504K, committed 32768K, reserved 1077248K
  class space    used 4331K, capacity 4516K, committed 4608K, reserved 1048576K
Event: 20.016 GC heap after
Heap after GC invocations=8 (full 1):
 PSYoungGen      total 53248K, used 7120K [0x00000000e0000000, 0x00000000e4200000, 0x0000000100000000)
  eden space 46080K, 0% used [0x00000000e0000000,0x00000000e0000000,0x00000000e2d00000)
  from space 7168K, 99% used [0x00000000e2e00000,0x00000000e34f4030,0x00000000e3500000)
  to   space 10752K, 0% used [0x00000000e3780000,0x00000000e3780000,0x00000000e4200000)
 ParOldGen       total 63488K, used 11036K [0x00000000a0000000, 0x00000000a3e00000, 0x00000000e0000000)
  object space 63488K, 17% used [0x00000000a0000000,0x00000000a0ac7040,0x00000000a3e00000)
 Metaspace       used 31882K, capacity 32504K, committed 32768K, reserved 1077248K
  class space    used 4331K, capacity 4516K, committed 4608K, reserved 1048576K
}
Event: 28.885 GC heap before
{Heap before GC invocations=9 (full 1):
 PSYoungGen      total 53248K, used 29390K [0x00000000e0000000, 0x00000000e4200000, 0x0000000100000000)
  eden space 46080K, 48% used [0x00000000e0000000,0x00000000e15bfaa8,0x00000000e2d00000)
  from space 7168K, 99% used [0x00000000e2e00000,0x00000000e34f4030,0x00000000e3500000)
  to   space 10752K, 0% used [0x00000000e3780000,0x00000000e3780000,0x00000000e4200000)
 ParOldGen       total 63488K, used 11036K [0x00000000a0000000, 0x00000000a3e00000, 0x00000000e0000000)
  object space 63488K, 17% used [0x00000000a0000000,0x00000000a0ac7040,0x00000000a3e00000)
 Metaspace       used 34642K, capacity 35294K, committed 35416K, reserved 1079296K
  class space    used 4700K, capacity 4941K, committed 4992K, reserved 1048576K
Event: 28.893 GC heap after
Heap after GC invocations=9 (full 1):
 PSYoungGen      total 55808K, used 9723K [0x00000000e0000000, 0x00000000e4200000, 0x0000000100000000)
  eden space 45056K, 0% used [0x00000000e0000000,0x00000000e0000000,0x00000000e2c00000)
  from space 10752K, 90% used [0x00000000e3780000,0x00000000e40fece0,0x00000000e4200000)
  to   space 11264K, 0% used [0x00000000e2c00000,0x00000000e2c00000,0x00000000e3700000)
 ParOldGen       total 63488K, used 11044K [0x00000000a0000000, 0x00000000a3e00000, 0x00000000e0000000)
  object space 63488K, 17% used [0x00000000a0000000,0x00000000a0ac9040,0x00000000a3e00000)
 Metaspace       used 34642K, capacity 35294K, committed 35416K, reserved 1079296K
  class space    used 4700K, capacity 4941K, committed 4992K, reserved 1048576K
}
Event: 28.893 GC heap before
{Heap before GC invocations=10 (full 2):
 PSYoungGen      total 55808K, used 9723K [0x00000000e0000000, 0x00000000e4200000, 0x0000000100000000)
  eden space 45056K, 0% used [0x00000000e0000000,0x00000000e0000000,0x00000000e2c00000)
  from space 10752K, 90% used [0x00000000e3780000,0x00000000e40fece0,0x00000000e4200000)
  to   space 11264K, 0% used [0x00000000e2c00000,0x00000000e2c00000,0x00000000e3700000)
 ParOldGen       total 63488K, used 11044K [0x00000000a0000000, 0x00000000a3e00000, 0x00000000e0000000)
  object space 63488K, 17% used [0x00000000a0000000,0x00000000a0ac9040,0x00000000a3e00000)
 Metaspace       used 34642K, capacity 35294K, committed 35416K, reserved 1079296K
  class space    used 4700K, capacity 4941K, committed 4992K, reserved 1048576K
Event: 28.981 GC heap after
Heap after GC invocations=10 (full 2):
 PSYoungGen      total 55808K, used 0K [0x00000000e0000000, 0x00000000e4200000, 0x0000000100000000)
  eden space 45056K, 0% used [0x00000000e0000000,0x00000000e0000000,0x00000000e2c00000)
  from space 10752K, 0% used [0x00000000e3780000,0x00000000e3780000,0x00000000e4200000)
  to   space 11264K, 0% used [0x00000000e2c00000,0x00000000e2c00000,0x00000000e3700000)
 ParOldGen       total 67072K, used 16199K [0x00000000a0000000, 0x00000000a4180000, 0x00000000e0000000)
  object space 67072K, 24% used [0x00000000a0000000,0x00000000a0fd1e18,0x00000000a4180000)
 Metaspace       used 34642K, capacity 35294K, committed 35416K, reserved 1079296K
  class space    used 4700K, capacity 4941K, committed 4992K, reserved 1048576K
}
Event: 31.840 GC heap before
{Heap before GC invocations=11 (full 2):
 PSYoungGen      total 55808K, used 45056K [0x00000000e0000000, 0x00000000e4200000, 0x0000000100000000)
  eden space 45056K, 100% used [0x00000000e0000000,0x00000000e2c00000,0x00000000e2c00000)
  from space 10752K, 0% used [0x00000000e3780000,0x00000000e3780000,0x00000000e4200000)
  to   space 11264K, 0% used [0x00000000e2c00000,0x00000000e2c00000,0x00000000e3700000)
 ParOldGen       total 67072K, used 16199K [0x00000000a0000000, 0x00000000a4180000, 0x00000000e0000000)
  object space 67072K, 24% used [0x00000000a0000000,0x00000000a0fd1e18,0x00000000a4180000)
 Metaspace       used 38909K, capacity 39594K, committed 40024K, reserved 1083392K
  class space    used 5204K, capacity 5436K, committed 5504K, reserved 1048576K
Event: 31.846 GC heap after
Heap after GC invocations=11 (full 2):
 PSYoungGen      total 49152K, used 4736K [0x00000000e0000000, 0x00000000e4200000, 0x0000000100000000)
  eden space 44032K, 0% used [0x00000000e0000000,0x00000000e0000000,0x00000000e2b00000)
  from space 5120K, 92% used [0x00000000e2c00000,0x00000000e30a03c8,0x00000000e3100000)
  to   space 11776K, 0% used [0x00000000e3680000,0x00000000e3680000,0x00000000e4200000)
 ParOldGen       total 67072K, used 16199K [0x00000000a0000000, 0x00000000a4180000, 0x00000000e0000000)
  object space 67072K, 24% used [0x00000000a0000000,0x00000000a0fd1e18,0x00000000a4180000)
 Metaspace       used 38909K, capacity 39594K, committed 40024K, reserved 1083392K
  class space    used 5204K, capacity 5436K, committed 5504K, reserved 1048576K
}
Event: 32.953 GC heap before
{Heap before GC invocations=12 (full 2):
 PSYoungGen      total 49152K, used 48768K [0x00000000e0000000, 0x00000000e4200000, 0x0000000100000000)
  eden space 44032K, 100% used [0x00000000e0000000,0x00000000e2b00000,0x00000000e2b00000)
  from space 5120K, 92% used [0x00000000e2c00000,0x00000000e30a03c8,0x00000000e3100000)
  to   space 11776K, 0% used [0x00000000e3680000,0x00000000e3680000,0x00000000e4200000)
 ParOldGen       total 67072K, used 16199K [0x00000000a0000000, 0x00000000a4180000, 0x00000000e0000000)
  object space 67072K, 24% used [0x00000000a0000000,0x00000000a0fd1e18,0x00000000a4180000)
 Metaspace       used 41023K, capacity 41764K, committed 42072K, reserved 1085440K
  class space    used 5468K, capacity 5729K, committed 5760K, reserved 1048576K
Event: 32.961 GC heap after
Heap after GC invocations=12 (full 2):
 PSYoungGen      total 53760K, used 6003K [0x00000000e0000000, 0x00000000e4100000, 0x0000000100000000)
  eden space 43008K, 0% used [0x00000000e0000000,0x00000000e0000000,0x00000000e2a00000)
  from space 10752K, 55% used [0x00000000e3680000,0x00000000e3c5ccb8,0x00000000e4100000)
  to   space 11776K, 0% used [0x00000000e2a00000,0x00000000e2a00000,0x00000000e3580000)
 ParOldGen       total 67072K, used 16207K [0x00000000a0000000, 0x00000000a4180000, 0x00000000e0000000)
  object space 67072K, 24% used [0x00000000a0000000,0x00000000a0fd3e18,0x00000000a4180000)
 Metaspace       used 41023K, capacity 41764K, committed 42072K, reserved 1085440K
  class space    used 5468K, capacity 5729K, committed 5760K, reserved 1048576K
}

Deoptimization events (10 events):
Event: 32.327 Thread 0x0000000019267000 Uncommon trap: reason=class_check action=maybe_recompile pc=0x0000000003f7947c method=java.util.Hashtable.get(Ljava/lang/Object;)Ljava/lang/Object; @ 6
Event: 32.332 Thread 0x0000000019267000 Uncommon trap: reason=unstable_if action=reinterpret pc=0x00000000036f57fc method=java.lang.CharacterDataLatin1.isWhitespace(I)Z @ 14
Event: 32.405 Thread 0x0000000019267000 Uncommon trap: reason=class_check action=maybe_recompile pc=0x0000000003f7947c method=java.util.Hashtable.get(Ljava/lang/Object;)Ljava/lang/Object; @ 6
Event: 32.413 Thread 0x0000000019267000 Uncommon trap: reason=class_check action=maybe_recompile pc=0x0000000003f7947c method=java.util.Hashtable.get(Ljava/lang/Object;)Ljava/lang/Object; @ 6
Event: 32.413 Thread 0x0000000019267000 Uncommon trap: reason=class_check action=maybe_recompile pc=0x0000000003f7947c method=java.util.Hashtable.get(Ljava/lang/Object;)Ljava/lang/Object; @ 6
Event: 32.494 Thread 0x0000000019267000 Uncommon trap: reason=unstable_if action=reinterpret pc=0x0000000003fbcee4 method=java.util.jar.JarFile.getInputStream(Ljava/util/zip/ZipEntry;)Ljava/io/InputStream; @ 37
Event: 32.514 Thread 0x0000000019267000 Uncommon trap: reason=unstable_if action=reinterpret pc=0x0000000003fbc530 method=java.security.CodeSource.<init>(Ljava/net/URL;[Ljava/security/CodeSigner;)V @ 25
Event: 32.515 Thread 0x0000000019267000 Uncommon trap: reason=unstable_if action=reinterpret pc=0x00000000037d056c method=java.security.CodeSource.getCertificates()[Ljava/security/cert/Certificate; @ 22
Event: 32.515 Thread 0x0000000019267000 Uncommon trap: reason=unstable_if action=reinterpret pc=0x000000000415a7fc method=java.security.CodeSource.matchCerts(Ljava/security/CodeSource;Z)Z @ 11
Event: 32.540 Thread 0x0000000019267000 Uncommon trap: reason=unstable_if action=reinterpret pc=0x0000000003f0b6fc method=java.util.LinkedHashMap.get(Ljava/lang/Object;)Ljava/lang/Object; @ 20

Classes redefined (0 events):
No events

Internal exceptions (10 events):
Event: 27.943 Thread 0x0000000019267000 Exception <a 'java/lang/ClassNotFoundException': build_b28npmjgzadberum92vnn03riBeanInfo> (0x00000000e0b20f20) thrown at [D:\src\AOSP-openjdk-cygwin\jdk8u\hotspot\src\share\vm\classfile\systemDictionary.cpp, line 210]
Event: 27.943 Thread 0x0000000019267000 Exception <a 'java/lang/ClassNotFoundException': build_b28npmjgzadberum92vnn03riCustomizer> (0x00000000e0b381f0) thrown at [D:\src\AOSP-openjdk-cygwin\jdk8u\hotspot\src\share\vm\classfile\systemDictionary.cpp, line 210]
Event: 27.946 Thread 0x0000000019267000 Exception <a 'java/lang/ClassNotFoundException': org/gradle/api/internal/plugins/DefaultObjectConfigurationActionBeanInfo> (0x00000000e0b9e708) thrown at [D:\src\AOSP-openjdk-cygwin\jdk8u\hotspot\src\share\vm\classfile\systemDictionary.cpp, line 210]
Event: 27.947 Thread 0x0000000019267000 Exception <a 'java/lang/ClassNotFoundException': org/gradle/api/internal/plugins/DefaultObjectConfigurationActionCustomizer> (0x00000000e0bd5e98) thrown at [D:\src\AOSP-openjdk-cygwin\jdk8u\hotspot\src\share\vm\classfile\systemDictionary.cpp, line 210]
Event: 31.151 Thread 0x0000000019267000 Exception <a 'sun/nio/fs/WindowsException'> (0x00000000e12d8c58) thrown at [D:\src\AOSP-openjdk-cygwin\jdk8u\hotspot\src\share\vm\prims\jni.cpp, line 709]
Event: 32.238 Thread 0x0000000019267000 Implicit null exception at 0x0000000003ee06e8 to 0x0000000003ee0779
Event: 33.027 Thread 0x0000000019267000 Exception <a 'java/lang/ClassNotFoundException': com/android/build/gradle/internal/api/DefaultAndroidSourceSet_DecoratedBeanInfo> (0x00000000e015f368) thrown at [D:\src\AOSP-openjdk-cygwin\jdk8u\hotspot\src\share\vm\classfile\systemDictionary.cpp, line 21
Event: 33.027 Thread 0x0000000019267000 Exception <a 'java/lang/ClassNotFoundException': com/android/build/gradle/internal/api/DefaultAndroidSourceSetBeanInfo> (0x00000000e017a1c0) thrown at [D:\src\AOSP-openjdk-cygwin\jdk8u\hotspot\src\share\vm\classfile\systemDictionary.cpp, line 210]
Event: 33.028 Thread 0x0000000019267000 Exception <a 'java/lang/ClassNotFoundException': com/android/build/gradle/internal/api/DefaultAndroidSourceSetCustomizer> (0x00000000e01954e8) thrown at [D:\src\AOSP-openjdk-cygwin\jdk8u\hotspot\src\share\vm\classfile\systemDictionary.cpp, line 210]
Event: 33.029 Thread 0x0000000019267000 Exception <a 'java/lang/ClassNotFoundException': com/android/build/gradle/internal/api/DefaultAndroidSourceSet_DecoratedCustomizer> (0x00000000e01f3940) thrown at [D:\src\AOSP-openjdk-cygwin\jdk8u\hotspot\src\share\vm\classfile\systemDictionary.cpp, line 

Events (10 events):
Event: 33.033 loading class com/android/build/gradle/internal/variant2/DeprecatedConfigurationAction
Event: 33.033 loading class com/android/build/gradle/internal/variant2/DeprecatedConfigurationAction done
Event: 33.042 loading class com/android/build/gradle/internal/dependency/SourceSetManagerKt
Event: 33.042 loading class com/android/build/gradle/internal/dependency/SourceSetManagerKt done
Event: 33.043 loading class org/gradle/api/artifacts/DependencySet
Event: 33.043 loading class org/gradle/api/artifacts/DependencySet done
Event: 33.045 loading class com/google/common/collect/Collections2
Event: 33.045 loading class com/google/common/collect/Collections2 done
Event: 33.046 loading class com/android/builder/core/VariantType
Event: 33.046 loading class com/android/builder/core/VariantType done


Dynamic libraries:
0x00007ff684970000 - 0x00007ff6849a1000 	C:\Program Files\Android\Android Studio\jre\bin\java.exe
0x00007ffd96c90000 - 0x00007ffd96e71000 	C:\WINDOWS\SYSTEM32\ntdll.dll
0x00007ffd94720000 - 0x00007ffd947d2000 	C:\WINDOWS\System32\KERNEL32.DLL
0x00007ffd93380000 - 0x00007ffd935f3000 	C:\WINDOWS\System32\KERNELBASE.dll
0x00007ffd96190000 - 0x00007ffd96231000 	C:\WINDOWS\System32\ADVAPI32.dll
0x00007ffd94120000 - 0x00007ffd941be000 	C:\WINDOWS\System32\msvcrt.dll
0x00007ffd966c0000 - 0x00007ffd9671b000 	C:\WINDOWS\System32\sechost.dll
0x00007ffd96450000 - 0x00007ffd96574000 	C:\WINDOWS\System32\RPCRT4.dll
0x00007ffd96000000 - 0x00007ffd96190000 	C:\WINDOWS\System32\USER32.dll
0x00007ffd938f0000 - 0x00007ffd93910000 	C:\WINDOWS\System32\win32u.dll
0x00007ffd95fd0000 - 0x00007ffd95ff8000 	C:\WINDOWS\System32\GDI32.dll
0x00007ffd93060000 - 0x00007ffd931f2000 	C:\WINDOWS\System32\gdi32full.dll
0x00007ffd93200000 - 0x00007ffd9329f000 	C:\WINDOWS\System32\msvcp_win.dll
0x00007ffd93910000 - 0x00007ffd93a0a000 	C:\WINDOWS\System32\ucrtbase.dll
0x00007ffd86a60000 - 0x00007ffd86cc9000 	C:\WINDOWS\WinSxS\amd64_microsoft.windows.common-controls_6595b64144ccf1df_6.0.17134.228_none_fb4599993062b194\COMCTL32.dll
0x00007ffd96790000 - 0x00007ffd96ab3000 	C:\WINDOWS\System32\combase.dll
0x00007ffd93300000 - 0x00007ffd9337a000 	C:\WINDOWS\System32\bcryptPrimitives.dll
0x00007ffd95f00000 - 0x00007ffd95f2d000 	C:\WINDOWS\System32\IMM32.DLL
0x0000000060a10000 - 0x0000000060ae2000 	C:\Program Files\Android\Android Studio\jre\jre\bin\msvcr100.dll
0x0000000060f30000 - 0x000000006176f000 	C:\Program Files\Android\Android Studio\jre\jre\bin\server\jvm.dll
0x00007ffd96720000 - 0x00007ffd96728000 	C:\WINDOWS\System32\PSAPI.DLL
0x00007ffd8de50000 - 0x00007ffd8de5a000 	C:\WINDOWS\SYSTEM32\VERSION.dll
0x00007ffd91ba0000 - 0x00007ffd91ba9000 	C:\WINDOWS\SYSTEM32\WSOCK32.dll
0x00007ffd8ef60000 - 0x00007ffd8ef83000 	C:\WINDOWS\SYSTEM32\WINMM.dll
0x00007ffd8ef30000 - 0x00007ffd8ef5a000 	C:\WINDOWS\SYSTEM32\winmmbase.dll
0x00007ffd93600000 - 0x00007ffd93649000 	C:\WINDOWS\System32\cfgmgr32.dll
0x00007ffd96580000 - 0x00007ffd965ec000 	C:\WINDOWS\System32\WS2_32.dll
0x00007ffd82040000 - 0x00007ffd8204f000 	C:\Program Files\Android\Android Studio\jre\jre\bin\verify.dll
0x00007ffd60970000 - 0x00007ffd60999000 	C:\Program Files\Android\Android Studio\jre\jre\bin\java.dll
0x00007ffd68380000 - 0x00007ffd68396000 	C:\Program Files\Android\Android Studio\jre\jre\bin\zip.dll
0x00007ffd94ac0000 - 0x00007ffd95f00000 	C:\WINDOWS\System32\SHELL32.dll
0x00007ffd941c0000 - 0x00007ffd94269000 	C:\WINDOWS\System32\shcore.dll
0x00007ffd93a10000 - 0x00007ffd9411d000 	C:\WINDOWS\System32\windows.storage.dll
0x00007ffd946c0000 - 0x00007ffd94711000 	C:\WINDOWS\System32\shlwapi.dll
0x00007ffd93030000 - 0x00007ffd93041000 	C:\WINDOWS\System32\kernel.appcore.dll
0x00007ffd92ff0000 - 0x00007ffd9300f000 	C:\WINDOWS\System32\profapi.dll
0x00007ffd92fa0000 - 0x00007ffd92fec000 	C:\WINDOWS\System32\powrprof.dll
0x00007ffd93050000 - 0x00007ffd9305a000 	C:\WINDOWS\System32\FLTLIB.DLL
0x00007ffd678d0000 - 0x00007ffd678ea000 	C:\Program Files\Android\Android Studio\jre\jre\bin\net.dll
0x00007ffd92820000 - 0x00007ffd92886000 	C:\WINDOWS\system32\mswsock.dll
0x00007ffd60950000 - 0x00007ffd60961000 	C:\Program Files\Android\Android Studio\jre\jre\bin\nio.dll
0x00007ffd85960000 - 0x00007ffd8597e000 	C:\Users\Raziel214\.gradle\native\25\windows-amd64\native-platform.dll
0x00007ffd81ef0000 - 0x00007ffd81efd000 	C:\Program Files\Android\Android Studio\jre\jre\bin\management.dll
0x00007ffd929d0000 - 0x00007ffd929e7000 	C:\WINDOWS\SYSTEM32\CRYPTSP.dll
0x00007ffd92400000 - 0x00007ffd92433000 	C:\WINDOWS\system32\rsaenh.dll
0x00007ffd92b00000 - 0x00007ffd92b25000 	C:\WINDOWS\SYSTEM32\bcrypt.dll
0x00007ffd92ea0000 - 0x00007ffd92ec8000 	C:\WINDOWS\SYSTEM32\USERENV.dll
0x00007ffd929f0000 - 0x00007ffd929fb000 	C:\WINDOWS\SYSTEM32\CRYPTBASE.dll
0x00007ffd925a0000 - 0x00007ffd925d8000 	C:\WINDOWS\SYSTEM32\IPHLPAPI.DLL
0x00007ffd963e0000 - 0x00007ffd963e8000 	C:\WINDOWS\System32\NSI.dll
0x00007ffd89580000 - 0x00007ffd89596000 	C:\WINDOWS\SYSTEM32\dhcpcsvc6.DLL
0x00007ffd89560000 - 0x00007ffd8957a000 	C:\WINDOWS\SYSTEM32\dhcpcsvc.DLL

VM Arguments:
jvm_args: -Xmx1536m -Dfile.encoding=windows-1252 -Duser.country=419 -Duser.language=es -Duser.variant 
java_command: org.gradle.launcher.daemon.bootstrap.GradleDaemon 4.4
java_class_path (initial): C:\Users\Raziel214\.gradle\wrapper\dists\gradle-4.4-all\9br9xq1tocpiv8o6njlyu5op1\gradle-4.4\lib\gradle-launcher-4.4.jar
Launcher Type: SUN_STANDARD

Environment Variables:
JAVA_HOME=C:\Program Files\Java\jdk-10.0.1\
PATH=C:\Program Files\Java\jdk-10.0.1\bin;C:\Program Files\Microsoft MPI\Bin\;C:\Program Files (x86)\Intel\iCLS Client\;C:\ProgramData\Oracle\Java\javapath;C:\Program Files\Intel\iCLS Client\;C:\windows\system32;C:\windows;C:\windows\System32\Wbem;C:\windows\System32\WindowsPowerShell\v1.0\;C:\Program Files (x86)\NVIDIA Corporation\PhysX\Common;C:\Program Files\Git\cmd;C:\WINDOWS\system32;C:\WINDOWS;C:\WINDOWS\System32\Wbem;C:\WINDOWS\System32\WindowsPowerShell\v1.0\;C:\Program Files\nodejs\;C:\Program Files (x86)\Intel\Intel(R) Management Engine Components\DAL;C:\Program Files\Intel\Intel(R) Management Engine Components\DAL;C:\Program Files (x86)\Intel\Intel(R) Management Engine Components\IPT;C:\Program Files\Intel\Intel(R) Management Engine Components\IPT;C:\Users\Raziel214\.dnx\bin;C:\Program Files\Microsoft DNX\Dnvm\;C:\Program Files\Microsoft SQL Server\130\Tools\Binn\;C:\Program Files (x86)\Microsoft SQL Server\130\Tools\Binn\;C:\Program Files (x86)\Microsoft SQL Server\130\DTS\Binn\;C:\Program Files\Micros;C:\Users\Raziel214\AppData\Local\Programs\Python\Python37-32\;C:\Program Files\kotlinc\bin;C:\Users\RAZIEL~1\AppData\Local\Programs\Python\Python37-32\Scripts;C:\xampp\php;C:\composer;C:\Users\Raziel214\AppData\Local\Microsoft\WindowsApps;C:\Users\Raziel214\AppData\Local\atom\bin;C:\Users\Raziel214\AppData\Roaming\npm;C:\Users\Raziel214\AppData\Local\GitHubDesktop\bin;C:\Users\Raziel214\AppData\Local\Microsoft\WindowsApps;C:\Program Files\heroku\bin;C:\Users\Raziel214\AppData\Roaming\Composer\vendor\bin
USERNAME=Raziel214
OS=Windows_NT
PROCESSOR_IDENTIFIER=Intel64 Family 6 Model 78 Stepping 3, GenuineIntel



---------------  S Y S T E M  ---------------

OS: Windows 10.0 , 64 bit Build 17134 (10.0.17134.1)

CPU:total 4 (initial active 4) (2 cores per cpu, 2 threads per core) family 6 model 78 stepping 3, cmov, cx8, fxsr, mmx, sse, sse2, sse3, ssse3, sse4.1, sse4.2, popcnt, avx, avx2, aes, clmul, erms, 3dnowpref, lzcnt, ht, tsc, tscinvbit, bmi1, bmi2, adx

Memory: 4k page, physical 12470184k(3152396k free), swap 13084584k(2680k free)

vm_info: OpenJDK 64-Bit Server VM (25.152-b02) for windows-amd64 JRE (1.8.0_152-release-1024-b02), built by "builder" with MS VC++ 10.0 (VS2010)

time: Sat Sep 08 01:07:08 2018
elapsed time: 33 seconds (0d 0h 0m 33s)

