#
# There is insufficient memory for the Java Runtime Environment to continue.
# Native memory allocation (malloc) failed to allocate 32744 bytes for ChunkPool::allocate
# Possible reasons:
#   The system is out of physical RAM or swap space
#   In 32 bit mode, the process size limit was hit
# Possible solutions:
#   Reduce memory load on the system
#   Increase physical memory or swap space
#   Check if swap backing store is full
#   Use 64 bit Java on a 64 bit OS
#   Decrease Java heap size (-Xmx/-Xms)
#   Decrease number of Java threads
#   Decrease Java thread stack sizes (-Xss)
#   Set larger code cache with -XX:ReservedCodeCacheSize=
# This output file may be truncated or incomplete.
#
#  Out of Memory Error (allocation.cpp:273), pid=9724, tid=0x0000000000004034
#
# JRE version: OpenJDK Runtime Environment (8.0_152-b02) (build 1.8.0_152-release-1024-b02)
# Java VM: OpenJDK 64-Bit Server VM (25.152-b02 mixed mode windows-amd64 compressed oops)
# Failed to write core dump. Minidumps are not enabled by default on client versions of Windows
#

---------------  T H R E A D  ---------------

Current thread (0x00000000162ed800):  JavaThread "C2 CompilerThread0" daemon [_thread_in_native, id=16436, stack(0x0000000017950000,0x0000000017a50000)]

Stack: [0x0000000017950000,0x0000000017a50000]
[error occurred during error reporting (printing stack bounds), id 0xc0000005]

Native frames: (J=compiled Java code, j=interpreted, Vv=VM code, C=native code)


Current CompileTask:
C2:  13153 4926       4       org.jetbrains.kotlin.com.intellij.lang.java.parser.ExpressionParser::parseExpression (240 bytes)


---------------  P R O C E S S  ---------------

Java Threads: ( => current thread )
  0x000000001847c800 JavaThread "RMI RenewClean-[localhost:51409,org.jetbrains.kotlin.daemon.common.LoopbackNetworkInterface$ClientLoopbackSocketFactory@7b3aec69]" daemon [_thread_blocked, id=15096, stack(0x00000000198f0000,0x00000000199f0000)]
  0x0000000018495000 JavaThread "RMI TCP Connection(2)-127.0.0.1" daemon [_thread_in_vm, id=9848, stack(0x00000000197f0000,0x00000000198f0000)]
  0x0000000018494800 JavaThread "RMI Scheduler(0)" daemon [_thread_blocked, id=9068, stack(0x00000000196f0000,0x00000000197f0000)]
  0x0000000018482000 JavaThread "RMI TCP Connection(1)-127.0.0.1" daemon [_thread_in_native, id=17020, stack(0x00000000195f0000,0x00000000196f0000)]
  0x0000000002883800 JavaThread "DestroyJavaVM" [_thread_blocked, id=4584, stack(0x0000000002780000,0x0000000002880000)]
  0x00000000183cf800 JavaThread "GC Daemon" daemon [_thread_blocked, id=13216, stack(0x0000000019190000,0x0000000019290000)]
  0x00000000183ce800 JavaThread "RMI Reaper" [_thread_blocked, id=2640, stack(0x0000000019090000,0x0000000019190000)]
  0x00000000183b2800 JavaThread "Timer-0" daemon [_thread_blocked, id=14124, stack(0x0000000018e90000,0x0000000018f90000)]
  0x00000000183ae000 JavaThread "RMI TCP Accept-17523" daemon [_thread_in_native, id=10528, stack(0x0000000018d90000,0x0000000018e90000)]
  0x0000000017c7b000 JavaThread "Service Thread" daemon [_thread_blocked, id=11556, stack(0x0000000018050000,0x0000000018150000)]
  0x00000000162fe000 JavaThread "C1 CompilerThread2" daemon [_thread_blocked, id=15588, stack(0x0000000017b50000,0x0000000017c50000)]
  0x00000000162f5800 JavaThread "C2 CompilerThread1" daemon [_thread_in_native, id=17288, stack(0x0000000017a50000,0x0000000017b50000)]
=>0x00000000162ed800 JavaThread "C2 CompilerThread0" daemon [_thread_in_native, id=16436, stack(0x0000000017950000,0x0000000017a50000)]
  0x00000000162ec000 JavaThread "Attach Listener" daemon [_thread_blocked, id=4452, stack(0x0000000017850000,0x0000000017950000)]
  0x00000000162ea800 JavaThread "Signal Dispatcher" daemon [_thread_blocked, id=2768, stack(0x0000000017750000,0x0000000017850000)]
  0x00000000162d8800 JavaThread "Finalizer" daemon [_thread_blocked, id=6864, stack(0x0000000017540000,0x0000000017640000)]
  0x0000000002973000 JavaThread "Reference Handler" daemon [_thread_blocked, id=2004, stack(0x0000000017440000,0x0000000017540000)]

Other Threads:
  0x00000000162b6000 VMThread [stack: 0x0000000017340000,0x0000000017440000] [id=4776]
  0x0000000017c7c000 WatcherThread [stack: 0x0000000018150000,0x0000000018250000] [id=5276]

VM state:not at safepoint (normal execution)

VM Mutex/Monitor currently owned by a thread: None

Heap:
 PSYoungGen      total 106496K, used 40737K [0x00000000e0000000, 0x00000000e7500000, 0x0000000100000000)
  eden space 98304K, 33% used [0x00000000e0000000,0x00000000e1fcdca0,0x00000000e6000000)
  from space 8192K, 99% used [0x00000000e6d00000,0x00000000e74faa20,0x00000000e7500000)
  to   space 8192K, 0% used [0x00000000e6000000,0x00000000e6000000,0x00000000e6800000)
 ParOldGen       total 147456K, used 30972K [0x00000000a0000000, 0x00000000a9000000, 0x00000000e0000000)
  object space 147456K, 21% used [0x00000000a0000000,0x00000000a1e3f398,0x00000000a9000000)
 Metaspace       used 43374K, capacity 44072K, committed 44544K, reserved 1087488K
  class space    used 5382K, capacity 5552K, committed 5632K, reserved 1048576K

Card table byte_map: [0x0000000011d40000,0x0000000012050000] byte_map_base: 0x0000000011840000

Marking Bits: (ParMarkBitMap*) 0x000000005e224970
 Begin Bits: [0x0000000012650000, 0x0000000013e50000)
 End Bits:   [0x0000000013e50000, 0x0000000015650000)

Polling page: 0x0000000000a10000

CodeCache: size=245760Kb used=15397Kb max_used=15397Kb free=230362Kb
 bounds [0x0000000002980000, 0x00000000038a0000, 0x0000000011980000]
 total_blobs=5255 nmethods=4765 adapters=402
 compilation: enabled

Compilation events (10 events):
Event: 13.009 Thread 0x00000000162fe000 4993       1       sun.reflect.AccessorGenerator::sub (5 bytes)
Event: 13.009 Thread 0x00000000162fe000 nmethod 4993 0x0000000002b8fc90 code [0x0000000002b8fde0, 0x0000000002b8fed0]
Event: 13.028 Thread 0x00000000162fe000 4996   !   2       org.jetbrains.kotlin.com.intellij.psi.impl.source.tree.LazyParseableElement::myText (27 bytes)
Event: 13.028 Thread 0x00000000162fe000 nmethod 4996 0x00000000038941d0 code [0x0000000003894340, 0x00000000038946a8]
Event: 13.028 Thread 0x00000000162fe000 4997       2       org.jetbrains.kotlin.com.intellij.psi.impl.source.tree.LazyParseableElement::getTextLength (21 bytes)
Event: 13.028 Thread 0x00000000162fe000 nmethod 4997 0x0000000003894810 code [0x00000000038949a0, 0x0000000003894d68]
Event: 13.040 Thread 0x00000000162fe000 4999 %     3       org.jetbrains.kotlin.com.intellij.psi.impl.source.tree.CompositeElement::walkCachingLength @ 21 (79 bytes)
Event: 13.041 Thread 0x00000000162fe000 nmethod 4999% 0x0000000003894f10 code [0x0000000003895100, 0x0000000003895c18]
Event: 13.041 Thread 0x00000000162fe000 5000       3       org.jetbrains.kotlin.com.intellij.psi.impl.source.tree.CompositeElement::walkCachingLength (79 bytes)
Event: 13.042 Thread 0x00000000162fe000 nmethod 5000 0x0000000003895f10 code [0x0000000003896100, 0x0000000003896b58]

GC Heap History (10 events):
Event: 3.812 GC heap before
{Heap before GC invocations=5 (full 2):
 PSYoungGen      total 57344K, used 7892K [0x00000000e0000000, 0x00000000e7000000, 0x0000000100000000)
  eden space 49152K, 0% used [0x00000000e0000000,0x00000000e0000000,0x00000000e3000000)
  from space 8192K, 96% used [0x00000000e3000000,0x00000000e37b5018,0x00000000e3800000)
  to   space 8192K, 0% used [0x00000000e6800000,0x00000000e6800000,0x00000000e7000000)
 ParOldGen       total 131072K, used 5633K [0x00000000a0000000, 0x00000000a8000000, 0x00000000e0000000)
  object space 131072K, 4% used [0x00000000a0000000,0x00000000a0580530,0x00000000a8000000)
 Metaspace       used 20734K, capacity 20982K, committed 21296K, reserved 1069056K
  class space    used 2492K, capacity 2594K, committed 2688K, reserved 1048576K
Event: 3.841 GC heap after
Heap after GC invocations=5 (full 2):
 PSYoungGen      total 57344K, used 0K [0x00000000e0000000, 0x00000000e7000000, 0x0000000100000000)
  eden space 49152K, 0% used [0x00000000e0000000,0x00000000e0000000,0x00000000e3000000)
  from space 8192K, 0% used [0x00000000e3000000,0x00000000e3000000,0x00000000e3800000)
  to   space 8192K, 0% used [0x00000000e6800000,0x00000000e6800000,0x00000000e7000000)
 ParOldGen       total 86016K, used 9158K [0x00000000a0000000, 0x00000000a5400000, 0x00000000e0000000)
  object space 86016K, 10% used [0x00000000a0000000,0x00000000a08f1a30,0x00000000a5400000)
 Metaspace       used 20734K, capacity 20982K, committed 21296K, reserved 1069056K
  class space    used 2492K, capacity 2594K, committed 2688K, reserved 1048576K
}
Event: 7.837 GC heap before
{Heap before GC invocations=6 (full 2):
 PSYoungGen      total 57344K, used 49152K [0x00000000e0000000, 0x00000000e7000000, 0x0000000100000000)
  eden space 49152K, 100% used [0x00000000e0000000,0x00000000e3000000,0x00000000e3000000)
  from space 8192K, 0% used [0x00000000e3000000,0x00000000e3000000,0x00000000e3800000)
  to   space 8192K, 0% used [0x00000000e6800000,0x00000000e6800000,0x00000000e7000000)
 ParOldGen       total 86016K, used 9158K [0x00000000a0000000, 0x00000000a5400000, 0x00000000e0000000)
  object space 86016K, 10% used [0x00000000a0000000,0x00000000a08f1a30,0x00000000a5400000)
 Metaspace       used 28647K, capacity 29147K, committed 29568K, reserved 1075200K
  class space    used 3702K, capacity 3847K, committed 3968K, reserved 1048576K
Event: 7.850 GC heap after
Heap after GC invocations=6 (full 2):
 PSYoungGen      total 79360K, used 8183K [0x00000000e0000000, 0x00000000e7000000, 0x0000000100000000)
  eden space 71168K, 0% used [0x00000000e0000000,0x00000000e0000000,0x00000000e4580000)
  from space 8192K, 99% used [0x00000000e6800000,0x00000000e6ffdd08,0x00000000e7000000)
  to   space 8192K, 0% used [0x00000000e6000000,0x00000000e6000000,0x00000000e6800000)
 ParOldGen       total 86016K, used 12910K [0x00000000a0000000, 0x00000000a5400000, 0x00000000e0000000)
  object space 86016K, 15% used [0x00000000a0000000,0x00000000a0c9bb18,0x00000000a5400000)
 Metaspace       used 28647K, capacity 29147K, committed 29568K, reserved 1075200K
  class space    used 3702K, capacity 3847K, committed 3968K, reserved 1048576K
}
Event: 8.976 GC heap before
{Heap before GC invocations=7 (full 2):
 PSYoungGen      total 79360K, used 45798K [0x00000000e0000000, 0x00000000e7000000, 0x0000000100000000)
  eden space 71168K, 52% used [0x00000000e0000000,0x00000000e24bbdd8,0x00000000e4580000)
  from space 8192K, 99% used [0x00000000e6800000,0x00000000e6ffdd08,0x00000000e7000000)
  to   space 8192K, 0% used [0x00000000e6000000,0x00000000e6000000,0x00000000e6800000)
 ParOldGen       total 86016K, used 12910K [0x00000000a0000000, 0x00000000a5400000, 0x00000000e0000000)
  object space 86016K, 15% used [0x00000000a0000000,0x00000000a0c9bb18,0x00000000a5400000)
 Metaspace       used 34680K, capacity 35131K, committed 35456K, reserved 1081344K
  class space    used 4339K, capacity 4467K, committed 4480K, reserved 1048576K
Event: 8.987 GC heap after
Heap after GC invocations=7 (full 2):
 PSYoungGen      total 106496K, used 8180K [0x00000000e0000000, 0x00000000e7500000, 0x0000000100000000)
  eden space 98304K, 0% used [0x00000000e0000000,0x00000000e0000000,0x00000000e6000000)
  from space 8192K, 99% used [0x00000000e6000000,0x00000000e67fd290,0x00000000e6800000)
  to   space 8192K, 0% used [0x00000000e6d00000,0x00000000e6d00000,0x00000000e7500000)
 ParOldGen       total 86016K, used 19684K [0x00000000a0000000, 0x00000000a5400000, 0x00000000e0000000)
  object space 86016K, 22% used [0x00000000a0000000,0x00000000a1339160,0x00000000a5400000)
 Metaspace       used 34680K, capacity 35131K, committed 35456K, reserved 1081344K
  class space    used 4339K, capacity 4467K, committed 4480K, reserved 1048576K
}
Event: 8.988 GC heap before
{Heap before GC invocations=8 (full 3):
 PSYoungGen      total 106496K, used 8180K [0x00000000e0000000, 0x00000000e7500000, 0x0000000100000000)
  eden space 98304K, 0% used [0x00000000e0000000,0x00000000e0000000,0x00000000e6000000)
  from space 8192K, 99% used [0x00000000e6000000,0x00000000e67fd290,0x00000000e6800000)
  to   space 8192K, 0% used [0x00000000e6d00000,0x00000000e6d00000,0x00000000e7500000)
 ParOldGen       total 86016K, used 19684K [0x00000000a0000000, 0x00000000a5400000, 0x00000000e0000000)
  object space 86016K, 22% used [0x00000000a0000000,0x00000000a1339160,0x00000000a5400000)
 Metaspace       used 34680K, capacity 35131K, committed 35456K, reserved 1081344K
  class space    used 4339K, capacity 4467K, committed 4480K, reserved 1048576K
Event: 9.092 GC heap after
Heap after GC invocations=8 (full 3):
 PSYoungGen      total 106496K, used 0K [0x00000000e0000000, 0x00000000e7500000, 0x0000000100000000)
  eden space 98304K, 0% used [0x00000000e0000000,0x00000000e0000000,0x00000000e6000000)
  from space 8192K, 0% used [0x00000000e6000000,0x00000000e6000000,0x00000000e6800000)
  to   space 8192K, 0% used [0x00000000e6d00000,0x00000000e6d00000,0x00000000e7500000)
 ParOldGen       total 147456K, used 20434K [0x00000000a0000000, 0x00000000a9000000, 0x00000000e0000000)
  object space 147456K, 13% used [0x00000000a0000000,0x00000000a13f4970,0x00000000a9000000)
 Metaspace       used 34680K, capacity 35131K, committed 35456K, reserved 1081344K
  class space    used 4339K, capacity 4467K, committed 4480K, reserved 1048576K
}
Event: 11.325 GC heap before
{Heap before GC invocations=9 (full 3):
 PSYoungGen      total 106496K, used 98304K [0x00000000e0000000, 0x00000000e7500000, 0x0000000100000000)
  eden space 98304K, 100% used [0x00000000e0000000,0x00000000e6000000,0x00000000e6000000)
  from space 8192K, 0% used [0x00000000e6000000,0x00000000e6000000,0x00000000e6800000)
  to   space 8192K, 0% used [0x00000000e6d00000,0x00000000e6d00000,0x00000000e7500000)
 ParOldGen       total 147456K, used 20434K [0x00000000a0000000, 0x00000000a9000000, 0x00000000e0000000)
  object space 147456K, 13% used [0x00000000a0000000,0x00000000a13f4970,0x00000000a9000000)
 Metaspace       used 40647K, capacity 41258K, committed 41728K, reserved 1085440K
  class space    used 4969K, capacity 5115K, committed 5120K, reserved 1048576K
Event: 11.344 GC heap after
Heap after GC invocations=9 (full 3):
 PSYoungGen      total 106496K, used 8170K [0x00000000e0000000, 0x00000000e7500000, 0x0000000100000000)
  eden space 98304K, 0% used [0x00000000e0000000,0x00000000e0000000,0x00000000e6000000)
  from space 8192K, 99% used [0x00000000e6d00000,0x00000000e74faa20,0x00000000e7500000)
  to   space 8192K, 0% used [0x00000000e6000000,0x00000000e6000000,0x00000000e6800000)
 ParOldGen       total 147456K, used 30972K [0x00000000a0000000, 0x00000000a9000000, 0x00000000e0000000)
  object space 147456K, 21% used [0x00000000a0000000,0x00000000a1e3f398,0x00000000a9000000)
 Metaspace       used 40647K, capacity 41258K, committed 41728K, reserved 1085440K
  class space    used 4969K, capacity 5115K, committed 5120K, reserved 1048576K
}

Deoptimization events (10 events):
Event: 12.169 Thread 0x0000000018495000 Uncommon trap: reason=unstable_if action=reinterpret pc=0x0000000002d63254 method=sun.nio.cs.SingleByte$Decoder.decodeArrayLoop(Ljava/nio/ByteBuffer;Ljava/nio/CharBuffer;)Ljava/nio/charset/CoderResult; @ 92
Event: 12.183 Thread 0x0000000018495000 Uncommon trap: reason=unstable_if action=reinterpret pc=0x000000000380ce68 method=org.jetbrains.kotlin.com.intellij.openapi.fileEditor.impl.LoadTextUtil.convertLineSeparatorsToSlashN(Ljava/nio/CharBuffer;)Lorg/jetbrains/kotlin/com/intellij/openapi/fileEdi
Event: 12.193 Thread 0x0000000018495000 Uncommon trap: reason=unstable_if action=reinterpret pc=0x0000000002c5548c method=org.jetbrains.kotlin.com.intellij.openapi.util.text.StringUtil.assertValidSeparators(Ljava/lang/CharSequence;)V @ 34
Event: 12.200 Thread 0x0000000018495000 Uncommon trap: reason=unstable_if action=reinterpret pc=0x0000000002aa0bbc method=org.jetbrains.kotlin.com.intellij.util.text.ImmutableText.toBytesIfPossible(Ljava/lang/CharSequence;)[B @ 80
Event: 12.786 Thread 0x0000000018495000 Uncommon trap: reason=unstable_if action=reinterpret pc=0x000000000383f430 method=org.jetbrains.kotlin.com.intellij.lang.java.lexer.JavaLexer.getWhitespaces(I)I @ 57
Event: 12.823 Thread 0x0000000018495000 Uncommon trap: reason=unstable_if action=reinterpret pc=0x00000000038423b0 method=org.jetbrains.kotlin.com.intellij.lang.java.lexer.JavaLexer._locateToken()V @ 8
Event: 12.844 Thread 0x0000000018495000 Uncommon trap: reason=class_check action=maybe_recompile pc=0x0000000002efac5c method=org.jetbrains.kotlin.com.intellij.lang.impl.PsiBuilderAdapter.getTokenType()Lorg/jetbrains/kotlin/com/intellij/psi/tree/IElementType; @ 4
Event: 12.844 Thread 0x0000000018495000 Uncommon trap: reason=class_check action=maybe_recompile pc=0x0000000002efac5c method=org.jetbrains.kotlin.com.intellij.lang.impl.PsiBuilderAdapter.getTokenType()Lorg/jetbrains/kotlin/com/intellij/psi/tree/IElementType; @ 4
Event: 12.844 Thread 0x0000000018495000 Uncommon trap: reason=class_check action=maybe_recompile pc=0x0000000002efac5c method=org.jetbrains.kotlin.com.intellij.lang.impl.PsiBuilderAdapter.getTokenType()Lorg/jetbrains/kotlin/com/intellij/psi/tree/IElementType; @ 4
Event: 12.844 Thread 0x0000000018495000 Uncommon trap: reason=class_check action=maybe_recompile pc=0x0000000002efac5c method=org.jetbrains.kotlin.com.intellij.lang.impl.PsiBuilderAdapter.getTokenType()Lorg/jetbrains/kotlin/com/intellij/psi/tree/IElementType; @ 4

Classes redefined (0 events):
No events

Internal exceptions (10 events):
Event: 5.233 Thread 0x0000000018495000 Exception <a 'sun/nio/fs/WindowsException'> (0x00000000e194a108) thrown at [D:\src\AOSP-openjdk-cygwin\jdk8u\hotspot\src\share\vm\prims\jni.cpp, line 709]
Event: 5.233 Thread 0x0000000018495000 Exception <a 'java/lang/reflect/InvocationTargetException'> (0x00000000e194a930) thrown at [D:\src\AOSP-openjdk-cygwin\jdk8u\hotspot\src\share\vm\runtime\reflection.cpp, line 1092]
Event: 5.234 Thread 0x0000000018495000 Exception <a 'java/io/FileNotFoundException'> (0x00000000e194b3f0) thrown at [D:\src\AOSP-openjdk-cygwin\jdk8u\hotspot\src\share\vm\prims\jni.cpp, line 709]
Event: 5.234 Thread 0x0000000018495000 Exception <a 'java/io/FileNotFoundException'> (0x00000000e194cc90) thrown at [D:\src\AOSP-openjdk-cygwin\jdk8u\hotspot\src\share\vm\prims\jni.cpp, line 709]
Event: 6.117 Thread 0x0000000018495000 Implicit null exception at 0x0000000002ed62d3 to 0x0000000002eddfad
Event: 9.116 Thread 0x0000000018495000 Exception <a 'java/lang/NoSuchMethodError': java.lang.Object.lambda$static$0(I)[Lorg/jetbrains/kotlin/com/intellij/psi/PsiElement;> (0x00000000e011cfa8) thrown at [D:\src\AOSP-openjdk-cygwin\jdk8u\hotspot\src\share\vm\interpreter\linkResolver.cpp, line 58
Event: 9.130 Thread 0x0000000018495000 Exception <a 'java/lang/NoSuchMethodError': java.lang.Object.lambda$static$0(I)[Lorg/jetbrains/kotlin/psi/KtTypeElement;> (0x00000000e01e9798) thrown at [D:\src\AOSP-openjdk-cygwin\jdk8u\hotspot\src\share\vm\interpreter\linkResolver.cpp, line 584]
Event: 9.532 Thread 0x0000000018495000 Exception <a 'java/lang/NoSuchMethodError': java.lang.Object.lambda$static$0(I)[Lorg/jetbrains/kotlin/com/intellij/psi/PsiClass;> (0x00000000e122e178) thrown at [D:\src\AOSP-openjdk-cygwin\jdk8u\hotspot\src\share\vm\interpreter\linkResolver.cpp, line 584]
Event: 11.750 Thread 0x0000000018495000 Implicit null exception at 0x0000000003676930 to 0x0000000003676a87
Event: 12.947 Thread 0x0000000018495000 Exception <a 'java/lang/NoSuchMethodError': java.lang.Object.lambda$static$0(I)[Lorg/jetbrains/kotlin/com/intellij/psi/PsiTypeElement;> (0x00000000e1ae6380) thrown at [D:\src\AOSP-openjdk-cygwin\jdk8u\hotspot\src\share\vm\interpreter\linkResolver.cpp, lin

Events (10 events):
Event: 13.050 loading class org/jetbrains/kotlin/com/intellij/psi/impl/source/tree/java/EnumConstantInitializerElement
Event: 13.050 loading class org/jetbrains/kotlin/com/intellij/psi/impl/source/tree/java/EnumConstantInitializerElement done
Event: 13.057 loading class org/jetbrains/kotlin/com/intellij/psi/impl/source/tree/java/AnonymousClassElementBase
Event: 13.057 loading class org/jetbrains/kotlin/com/intellij/psi/impl/source/tree/java/AnonymousClassElementBase done
Event: 13.057 loading class org/jetbrains/kotlin/com/intellij/psi/impl/source/tree/java/AnonymousClassElement
Event: 13.057 loading class org/jetbrains/kotlin/com/intellij/psi/impl/source/tree/java/AnonymousClassElement done
Event: 13.057 loading class org/jetbrains/kotlin/com/intellij/psi/impl/source/PsiClassImpl
Event: 13.057 loading class org/jetbrains/kotlin/com/intellij/psi/impl/source/PsiClassImpl done
Event: 13.058 loading class org/jetbrains/kotlin/com/intellij/psi/impl/source/PsiExtensibleClass
Event: 13.058 loading class org/jetbrains/kotlin/com/intellij/psi/impl/source/PsiExtensibleClass done


Dynamic libraries:
0x00007ff6b0b60000 - 0x00007ff6b0b91000 	C:\Program Files\Android\Android Studio\jre\jre\bin\java.exe
0x00007ff862ac0000 - 0x00007ff862ca1000 	C:\WINDOWS\SYSTEM32\ntdll.dll
0x00007ff860d00000 - 0x00007ff860db2000 	C:\WINDOWS\System32\KERNEL32.DLL
0x00007ff85f0b0000 - 0x00007ff85f323000 	C:\WINDOWS\System32\KERNELBASE.dll
0x00007ff8604d0000 - 0x00007ff860571000 	C:\WINDOWS\System32\ADVAPI32.dll
0x00007ff8623d0000 - 0x00007ff86246e000 	C:\WINDOWS\System32\msvcrt.dll
0x00007ff8600f0000 - 0x00007ff86014b000 	C:\WINDOWS\System32\sechost.dll
0x00007ff862960000 - 0x00007ff862a84000 	C:\WINDOWS\System32\RPCRT4.dll
0x00007ff860580000 - 0x00007ff860710000 	C:\WINDOWS\System32\USER32.dll
0x00007ff85fbf0000 - 0x00007ff85fc10000 	C:\WINDOWS\System32\win32u.dll
0x00007ff860ab0000 - 0x00007ff860ad8000 	C:\WINDOWS\System32\GDI32.dll
0x00007ff85ef10000 - 0x00007ff85f0a2000 	C:\WINDOWS\System32\gdi32full.dll
0x00007ff85fc10000 - 0x00007ff85fcaf000 	C:\WINDOWS\System32\msvcp_win.dll
0x00007ff85f330000 - 0x00007ff85f42a000 	C:\WINDOWS\System32\ucrtbase.dll
0x00007ff858690000 - 0x00007ff8588f9000 	C:\WINDOWS\WinSxS\amd64_microsoft.windows.common-controls_6595b64144ccf1df_6.0.17134.285_none_fb4297e330656775\COMCTL32.dll
0x00007ff860710000 - 0x00007ff860a33000 	C:\WINDOWS\System32\combase.dll
0x00007ff85ee90000 - 0x00007ff85ef0a000 	C:\WINDOWS\System32\bcryptPrimitives.dll
0x00007ff8603c0000 - 0x00007ff8603ed000 	C:\WINDOWS\System32\IMM32.DLL
0x000000005e9e0000 - 0x000000005eab2000 	C:\Program Files\Android\Android Studio\jre\jre\bin\msvcr100.dll
0x000000005da60000 - 0x000000005e29f000 	C:\Program Files\Android\Android Studio\jre\jre\bin\server\jvm.dll
0x00007ff860230000 - 0x00007ff860238000 	C:\WINDOWS\System32\PSAPI.DLL
0x00007ff85c3e0000 - 0x00007ff85c3ea000 	C:\WINDOWS\SYSTEM32\VERSION.dll
0x00007ff85dc60000 - 0x00007ff85dc69000 	C:\WINDOWS\SYSTEM32\WSOCK32.dll
0x00007ff860a40000 - 0x00007ff860aac000 	C:\WINDOWS\System32\WS2_32.dll
0x00007ff852850000 - 0x00007ff852873000 	C:\WINDOWS\SYSTEM32\WINMM.dll
0x00007ff852820000 - 0x00007ff85284a000 	C:\WINDOWS\SYSTEM32\winmmbase.dll
0x00007ff85fea0000 - 0x00007ff85fee9000 	C:\WINDOWS\System32\cfgmgr32.dll
0x00007ff85c620000 - 0x00007ff85c62f000 	C:\Program Files\Android\Android Studio\jre\jre\bin\verify.dll
0x00007ff8454e0000 - 0x00007ff845509000 	C:\Program Files\Android\Android Studio\jre\jre\bin\java.dll
0x00007ff8454c0000 - 0x00007ff8454d6000 	C:\Program Files\Android\Android Studio\jre\jre\bin\zip.dll
0x00007ff860f30000 - 0x00007ff862370000 	C:\WINDOWS\System32\SHELL32.dll
0x00007ff860c50000 - 0x00007ff860cf9000 	C:\WINDOWS\System32\shcore.dll
0x00007ff85f430000 - 0x00007ff85fb3d000 	C:\WINDOWS\System32\windows.storage.dll
0x00007ff8601b0000 - 0x00007ff860201000 	C:\WINDOWS\System32\shlwapi.dll
0x00007ff85ee70000 - 0x00007ff85ee81000 	C:\WINDOWS\System32\kernel.appcore.dll
0x00007ff85ee20000 - 0x00007ff85ee3f000 	C:\WINDOWS\System32\profapi.dll
0x00007ff85edd0000 - 0x00007ff85ee1c000 	C:\WINDOWS\System32\powrprof.dll
0x00007ff85ee40000 - 0x00007ff85ee4a000 	C:\WINDOWS\System32\FLTLIB.DLL
0x00007ff853410000 - 0x00007ff85341d000 	C:\Program Files\Android\Android Studio\jre\jre\bin\management.dll
0x00007ff8453c0000 - 0x00007ff8453da000 	C:\Program Files\Android\Android Studio\jre\jre\bin\net.dll
0x00007ff85e650000 - 0x00007ff85e6b6000 	C:\WINDOWS\system32\mswsock.dll
0x00007ff8453a0000 - 0x00007ff8453b1000 	C:\Program Files\Android\Android Studio\jre\jre\bin\nio.dll
0x00007ff85e810000 - 0x00007ff85e827000 	C:\WINDOWS\SYSTEM32\CRYPTSP.dll
0x00007ff85e230000 - 0x00007ff85e263000 	C:\WINDOWS\system32\rsaenh.dll
0x00007ff85e930000 - 0x00007ff85e955000 	C:\WINDOWS\SYSTEM32\bcrypt.dll
0x00007ff85ecd0000 - 0x00007ff85ecf8000 	C:\WINDOWS\SYSTEM32\USERENV.dll
0x00007ff85e800000 - 0x00007ff85e80b000 	C:\WINDOWS\SYSTEM32\CRYPTBASE.dll
0x00007ff85e3d0000 - 0x00007ff85e408000 	C:\WINDOWS\SYSTEM32\IPHLPAPI.DLL
0x00007ff860c40000 - 0x00007ff860c48000 	C:\WINDOWS\System32\NSI.dll
0x00007ff85ac80000 - 0x00007ff85ac96000 	C:\WINDOWS\SYSTEM32\dhcpcsvc6.DLL
0x00007ff85ac30000 - 0x00007ff85ac4a000 	C:\WINDOWS\SYSTEM32\dhcpcsvc.DLL

VM Arguments:
jvm_args: -Djava.awt.headless=true -Djava.rmi.server.hostname=localhost -Xmx1536m -Dkotlin.environment.keepalive 
java_command: org.jetbrains.kotlin.daemon.KotlinCompileDaemon --daemon-runFilesPath C:\Users\Raziel214\AppData\Local\kotlin\daemon --daemon-autoshutdownIdleSeconds=7200 --daemon-compilerClasspath C:\Users\Raziel214\.gradle\caches\modules-2\files-2.1\org.jetbrains.kotlin\kotlin-compiler-embeddable\1.2.61\8f4812486d21943cea3f170d53537e628f7eef8c\kotlin-compiler-embeddable-1.2.61.jar;C:\Users\Raziel214\.gradle\caches\modules-2\files-2.1\org.jetbrains.kotlin\kotlin-reflect\1.2.61\6fd5bcfc9ffc446dd147ea006bee7ef5f0ad8ca4\kotlin-reflect-1.2.61.jar;C:\Users\Raziel214\.gradle\caches\modules-2\files-2.1\org.jetbrains.kotlin\kotlin-stdlib\1.2.61\5bc44acc4b3f0d19166ae3e50454b41e8ff29335\kotlin-stdlib-1.2.61.jar;C:\Users\Raziel214\.gradle\caches\modules-2\files-2.1\org.jetbrains.kotlin\kotlin-script-runtime\1.2.61\75e4bfc103b71324be6fc862ce806d5399508a14\kotlin-script-runtime-1.2.61.jar;C:\Users\Raziel214\.gradle\caches\modules-2\files-2.1\org.jetbrains.kotlin\kotlin-stdlib-common\1.2.61\772de03e12d932f489e41aef997d26c20a4ebee6\kotlin-stdlib-common-1.2.61.jar;C:\Program Files\Android\Android Studio\gradle\m2repository\org\jetbrains\annotations\13.0\annotations-13.0.jar;C:\Program Files\Android\Android Studio\jre\lib\tools.jar
java_class_path (initial): C:\Users\Raziel214\.gradle\caches\modules-2\files-2.1\org.jetbrains.kotlin\kotlin-compiler-embeddable\1.2.61\8f4812486d21943cea3f170d53537e628f7eef8c\kotlin-compiler-embeddable-1.2.61.jar;C:\Users\Raziel214\.gradle\caches\modules-2\files-2.1\org.jetbrains.kotlin\kotlin-reflect\1.2.61\6fd5bcfc9ffc446dd147ea006bee7ef5f0ad8ca4\kotlin-reflect-1.2.61.jar;C:\Users\Raziel214\.gradle\caches\modules-2\files-2.1\org.jetbrains.kotlin\kotlin-stdlib\1.2.61\5bc44acc4b3f0d19166ae3e50454b41e8ff29335\kotlin-stdlib-1.2.61.jar;C:\Users\Raziel214\.gradle\caches\modules-2\files-2.1\org.jetbrains.kotlin\kotlin-script-runtime\1.2.61\75e4bfc103b71324be6fc862ce806d5399508a14\kotlin-script-runtime-1.2.61.jar;C:\Users\Raziel214\.gradle\caches\modules-2\files-2.1\org.jetbrains.kotlin\kotlin-stdlib-common\1.2.61\772de03e12d932f489e41aef997d26c20a4ebee6\kotlin-stdlib-common-1.2.61.jar;C:\Program Files\Android\Android Studio\gradle\m2repository\org\jetbrains\annotations\13.0\annotations-13.0.jar;C:\Program Files\Android\Android Studio\jre\lib\tools.jar
Launcher Type: SUN_STANDARD

Environment Variables:
JAVA_HOME=C:\Program Files\Java\jdk-10.0.1\
PATH=C:\Program Files\Java\jdk-10.0.1\bin;C:\Program Files\Microsoft MPI\Bin\;C:\Program Files (x86)\Intel\iCLS Client\;C:\ProgramData\Oracle\Java\javapath;C:\Program Files\Intel\iCLS Client\;C:\windows\system32;C:\windows;C:\windows\System32\Wbem;C:\windows\System32\WindowsPowerShell\v1.0\;C:\Program Files (x86)\NVIDIA Corporation\PhysX\Common;C:\Program Files\Git\cmd;C:\WINDOWS\system32;C:\WINDOWS;C:\WINDOWS\System32\Wbem;C:\WINDOWS\System32\WindowsPowerShell\v1.0\;C:\Program Files\nodejs\;C:\Program Files (x86)\Intel\Intel(R) Management Engine Components\DAL;C:\Program Files\Intel\Intel(R) Management Engine Components\DAL;C:\Program Files (x86)\Intel\Intel(R) Management Engine Components\IPT;C:\Program Files\Intel\Intel(R) Management Engine Components\IPT;C:\Users\Raziel214\.dnx\bin;C:\Program Files\Microsoft DNX\Dnvm\;C:\Program Files\Microsoft SQL Server\130\Tools\Binn\;C:\Program Files (x86)\Microsoft SQL Server\130\Tools\Binn\;C:\Program Files (x86)\Microsoft SQL Server\130\DTS\Binn\;C:\Program Files\Micros;C:\Users\Raziel214\AppData\Local\Programs\Python\Python37-32\;C:\Program Files\kotlinc\bin;C:\Users\RAZIEL~1\AppData\Local\Programs\Python\Python37-32\Scripts;C:\xampp\php;C:\composer;C:\Users\Raziel214\AppData\Local\Microsoft\WindowsApps;C:\Users\Raziel214\AppData\Local\atom\bin;C:\Users\Raziel214\AppData\Roaming\npm;C:\Users\Raziel214\AppData\Local\GitHubDesktop\bin;C:\Users\Raziel214\AppData\Local\Microsoft\WindowsApps;C:\Program Files\heroku\bin;C:\Users\Raziel214\AppData\Roaming\Composer\vendor\bin
USERNAME=Raziel214
OS=Windows_NT
PROCESSOR_IDENTIFIER=Intel64 Family 6 Model 78 Stepping 3, GenuineIntel



---------------  S Y S T E M  ---------------

OS: Windows 10.0 , 64 bit Build 17134 (10.0.17134.1)

CPU:total 4 (initial active 4) (2 cores per cpu, 2 threads per core) family 6 model 78 stepping 3, cmov, cx8, fxsr, mmx, sse, sse2, sse3, ssse3, sse4.1, sse4.2, popcnt, avx, avx2, aes, clmul, erms, 3dnowpref, lzcnt, ht, tsc, tscinvbit, bmi1, bmi2, adx

Memory: 4k page, physical 12470184k(2902484k free), swap 13084584k(2732k free)

vm_info: OpenJDK 64-Bit Server VM (25.152-b02) for windows-amd64 JRE (1.8.0_152-release-1024-b02), built by "builder" with MS VC++ 10.0 (VS2010)

time: Sun Sep 16 15:51:03 2018
elapsed time: 13 seconds (0d 0h 0m 13s)

