#
# There is insufficient memory for the Java Runtime Environment to continue.
# Native memory allocation (malloc) failed to allocate 1598816 bytes for Chunk::new
# Possible reasons:
#   The system is out of physical RAM or swap space
#   In 32 bit mode, the process size limit was hit
# Possible solutions:
#   Reduce memory load on the system
#   Increase physical memory or swap space
#   Check if swap backing store is full
#   Use 64 bit Java on a 64 bit OS
#   Decrease Java heap size (-Xmx/-Xms)
#   Decrease number of Java threads
#   Decrease Java thread stack sizes (-Xss)
#   Set larger code cache with -XX:ReservedCodeCacheSize=
# This output file may be truncated or incomplete.
#
#  Out of Memory Error (allocation.cpp:390), pid=15524, tid=0x0000000000001f78
#
# JRE version: OpenJDK Runtime Environment (8.0_152-b02) (build 1.8.0_152-release-1024-b02)
# Java VM: OpenJDK 64-Bit Server VM (25.152-b02 mixed mode windows-amd64 compressed oops)
# Failed to write core dump. Minidumps are not enabled by default on client versions of Windows
#

---------------  T H R E A D  ---------------

Current thread (0x00000000162b2800):  JavaThread "C2 CompilerThread1" daemon [_thread_in_native, id=8056, stack(0x0000000017a10000,0x0000000017b10000)]

Stack: [0x0000000017a10000,0x0000000017b10000]
[error occurred during error reporting (printing stack bounds), id 0xc0000005]

Native frames: (J=compiled Java code, j=interpreted, Vv=VM code, C=native code)


Current CompileTask:
C2:   3949 1384       4       java.net.URLClassLoader$1::run (5 bytes)


---------------  P R O C E S S  ---------------

Java Threads: ( => current thread )
  0x00000000199b0000 JavaThread "Cache worker for file hash cache (C:\Users\Raziel214\Documents\GitHub\PlatziStore\.gradle\4.4\fileHashes)" [_thread_blocked, id=4448, stack(0x000000001be50000,0x000000001bf50000)]
  0x0000000019569000 JavaThread "File lock request listener" [_thread_in_native, id=9964, stack(0x000000001ad80000,0x000000001ae80000)]
  0x0000000019410000 JavaThread "Cache worker for file hash cache (C:\Users\Raziel214\.gradle\caches\4.4\fileHashes)" [_thread_blocked, id=3416, stack(0x000000001ac80000,0x000000001ad80000)]
  0x0000000019275000 JavaThread "Stdin handler" [_thread_blocked, id=13440, stack(0x000000001a980000,0x000000001aa80000)]
  0x000000001925c000 JavaThread "Asynchronous log dispatcher for DefaultDaemonConnection: socket connection from /127.0.0.1:50965 to /127.0.0.1:50966" [_thread_blocked, id=16056, stack(0x000000001a880000,0x000000001a980000)]
  0x000000001929a800 JavaThread "Daemon worker" [_thread_in_vm, id=3948, stack(0x000000001a780000,0x000000001a880000)]
  0x0000000019298000 JavaThread "Cancel handler" [_thread_blocked, id=2788, stack(0x000000001a680000,0x000000001a780000)]
  0x000000001923f000 JavaThread "Handler for socket connection from /127.0.0.1:50965 to /127.0.0.1:50966" [_thread_in_native, id=3020, stack(0x000000001a380000,0x000000001a480000)]
  0x000000001923e800 JavaThread "Daemon" [_thread_blocked, id=7648, stack(0x000000001a280000,0x000000001a380000)]
  0x00000000191d6800 JavaThread "Daemon periodic checks" [_thread_blocked, id=13384, stack(0x000000001a180000,0x000000001a280000)]
  0x00000000191a3800 JavaThread "Incoming local TCP Connector on port 50965" [_thread_in_native, id=2684, stack(0x0000000019f20000,0x000000001a020000)]
  0x0000000017c39800 JavaThread "Service Thread" daemon [_thread_blocked, id=16188, stack(0x0000000018010000,0x0000000018110000)]
  0x00000000162b8000 JavaThread "C1 CompilerThread2" daemon [_thread_blocked, id=2420, stack(0x0000000017b10000,0x0000000017c10000)]
=>0x00000000162b2800 JavaThread "C2 CompilerThread1" daemon [_thread_in_native, id=8056, stack(0x0000000017a10000,0x0000000017b10000)]
  0x00000000162af000 JavaThread "C2 CompilerThread0" daemon [_thread_in_native, id=11016, stack(0x0000000017910000,0x0000000017a10000)]
  0x00000000162ad800 JavaThread "Attach Listener" daemon [_thread_blocked, id=12784, stack(0x0000000017810000,0x0000000017910000)]
  0x00000000162aa800 JavaThread "Signal Dispatcher" daemon [_thread_blocked, id=2060, stack(0x0000000017710000,0x0000000017810000)]
  0x000000000293d000 JavaThread "Finalizer" daemon [_thread_blocked, id=15196, stack(0x0000000017500000,0x0000000017600000)]
  0x0000000002932000 JavaThread "Reference Handler" daemon [_thread_blocked, id=1840, stack(0x0000000017400000,0x0000000017500000)]
  0x0000000002842800 JavaThread "main" [_thread_blocked, id=15016, stack(0x0000000002740000,0x0000000002840000)]

Other Threads:
  0x0000000016276800 VMThread [stack: 0x0000000017300000,0x0000000017400000] [id=14744]
  0x0000000017c3a000 WatcherThread [stack: 0x0000000018110000,0x0000000018210000] [id=13988]

VM state:not at safepoint (normal execution)

VM Mutex/Monitor currently owned by a thread: None

Heap:
 PSYoungGen      total 57344K, used 32643K [0x00000000e0000000, 0x00000000e4000000, 0x0000000100000000)
  eden space 49152K, 49% used [0x00000000e0000000,0x00000000e17e8d88,0x00000000e3000000)
  from space 8192K, 99% used [0x00000000e3800000,0x00000000e3ff8040,0x00000000e4000000)
  to   space 8192K, 0% used [0x00000000e3000000,0x00000000e3000000,0x00000000e3800000)
 ParOldGen       total 131072K, used 240K [0x00000000a0000000, 0x00000000a8000000, 0x00000000e0000000)
  object space 131072K, 0% used [0x00000000a0000000,0x00000000a003c0c8,0x00000000a8000000)
 Metaspace       used 16427K, capacity 16720K, committed 16896K, reserved 1062912K
  class space    used 2339K, capacity 2477K, committed 2560K, reserved 1048576K

Card table byte_map: [0x0000000011d00000,0x0000000012010000] byte_map_base: 0x0000000011800000

Marking Bits: (ParMarkBitMap*) 0x00000000616f4970
 Begin Bits: [0x0000000012610000, 0x0000000013e10000)
 End Bits:   [0x0000000013e10000, 0x0000000015610000)

Polling page: 0x0000000000860000

CodeCache: size=245760Kb used=5234Kb max_used=5234Kb free=240525Kb
 bounds [0x0000000002940000, 0x0000000002e60000, 0x0000000011940000]
 total_blobs=1908 nmethods=1535 adapters=286
 compilation: enabled

Compilation events (10 events):
Event: 3.874 Thread 0x00000000162b8000 1534       3       java.net.URI::match (56 bytes)
Event: 3.875 Thread 0x00000000162b8000 nmethod 1534 0x0000000002e5c650 code [0x0000000002e5c7c0, 0x0000000002e5cad0]
Event: 3.889 Thread 0x00000000162b8000 1535       3       java.util.LinkedList$ListItr::<init> (47 bytes)
Event: 3.889 Thread 0x00000000162b8000 nmethod 1535 0x0000000002e5cb50 code [0x0000000002e5ccc0, 0x0000000002e5cf68]
Event: 3.897 Thread 0x00000000162b8000 1537       3       org.gradle.internal.service.DefaultServiceRegistry$ParameterizedTypeSpec::isSatisfiedBy (9 bytes)
Event: 3.897 Thread 0x00000000162b8000 nmethod 1537 0x0000000002e5d090 code [0x0000000002e5d200, 0x0000000002e5d4a8]
Event: 3.897 Thread 0x00000000162b8000 1538       3       java.util.IdentityHashMap::nextKeyIndex (15 bytes)
Event: 3.897 Thread 0x00000000162b8000 nmethod 1538 0x0000000002e5d550 code [0x0000000002e5d6a0, 0x0000000002e5d830]
Event: 3.906 Thread 0x00000000162b8000 1539       3       sun.misc.ProxyGenerator$ConstantPool::getFieldRef (33 bytes)
Event: 3.907 Thread 0x00000000162b8000 nmethod 1539 0x0000000002e5d890 code [0x0000000002e5db20, 0x0000000002e5e8c8]

GC Heap History (4 events):
Event: 0.883 GC heap before
{Heap before GC invocations=1 (full 0):
 PSYoungGen      total 57344K, used 49152K [0x00000000e0000000, 0x00000000e4000000, 0x0000000100000000)
  eden space 49152K, 100% used [0x00000000e0000000,0x00000000e3000000,0x00000000e3000000)
  from space 8192K, 0% used [0x00000000e3800000,0x00000000e3800000,0x00000000e4000000)
  to   space 8192K, 0% used [0x00000000e3000000,0x00000000e3000000,0x00000000e3800000)
 ParOldGen       total 131072K, used 0K [0x00000000a0000000, 0x00000000a8000000, 0x00000000e0000000)
  object space 131072K, 0% used [0x00000000a0000000,0x00000000a0000000,0x00000000a8000000)
 Metaspace       used 7113K, capacity 7326K, committed 7424K, reserved 1056768K
  class space    used 894K, capacity 982K, committed 1024K, reserved 1048576K
Event: 0.888 GC heap after
Heap after GC invocations=1 (full 0):
 PSYoungGen      total 57344K, used 5356K [0x00000000e0000000, 0x00000000e4000000, 0x0000000100000000)
  eden space 49152K, 0% used [0x00000000e0000000,0x00000000e0000000,0x00000000e3000000)
  from space 8192K, 65% used [0x00000000e3000000,0x00000000e353b048,0x00000000e3800000)
  to   space 8192K, 0% used [0x00000000e3800000,0x00000000e3800000,0x00000000e4000000)
 ParOldGen       total 131072K, used 16K [0x00000000a0000000, 0x00000000a8000000, 0x00000000e0000000)
  object space 131072K, 0% used [0x00000000a0000000,0x00000000a0004000,0x00000000a8000000)
 Metaspace       used 7113K, capacity 7326K, committed 7424K, reserved 1056768K
  class space    used 894K, capacity 982K, committed 1024K, reserved 1048576K
}
Event: 3.482 GC heap before
{Heap before GC invocations=2 (full 0):
 PSYoungGen      total 57344K, used 54508K [0x00000000e0000000, 0x00000000e4000000, 0x0000000100000000)
  eden space 49152K, 100% used [0x00000000e0000000,0x00000000e3000000,0x00000000e3000000)
  from space 8192K, 65% used [0x00000000e3000000,0x00000000e353b048,0x00000000e3800000)
  to   space 8192K, 0% used [0x00000000e3800000,0x00000000e3800000,0x00000000e4000000)
 ParOldGen       total 131072K, used 16K [0x00000000a0000000, 0x00000000a8000000, 0x00000000e0000000)
  object space 131072K, 0% used [0x00000000a0000000,0x00000000a0004000,0x00000000a8000000)
 Metaspace       used 14194K, capacity 14480K, committed 14720K, reserved 1062912K
  class space    used 1970K, capacity 2093K, committed 2176K, reserved 1048576K
Event: 3.491 GC heap after
Heap after GC invocations=2 (full 0):
 PSYoungGen      total 57344K, used 8160K [0x00000000e0000000, 0x00000000e4000000, 0x0000000100000000)
  eden space 49152K, 0% used [0x00000000e0000000,0x00000000e0000000,0x00000000e3000000)
  from space 8192K, 99% used [0x00000000e3800000,0x00000000e3ff8040,0x00000000e4000000)
  to   space 8192K, 0% used [0x00000000e3000000,0x00000000e3000000,0x00000000e3800000)
 ParOldGen       total 131072K, used 240K [0x00000000a0000000, 0x00000000a8000000, 0x00000000e0000000)
  object space 131072K, 0% used [0x00000000a0000000,0x00000000a003c0c8,0x00000000a8000000)
 Metaspace       used 14194K, capacity 14480K, committed 14720K, reserved 1062912K
  class space    used 1970K, capacity 2093K, committed 2176K, reserved 1048576K
}

Deoptimization events (10 events):
Event: 1.070 Thread 0x0000000002842800 Uncommon trap: reason=bimorphic action=maybe_recompile pc=0x0000000002c58794 method=java.util.HashMap.putVal(ILjava/lang/Object;Ljava/lang/Object;ZZ)Ljava/lang/Object; @ 203
Event: 1.542 Thread 0x0000000002842800 Uncommon trap: reason=unstable_if action=reinterpret pc=0x0000000002bf569c method=java.io.WinNTFileSystem.normalize(Ljava/lang/String;)Ljava/lang/String; @ 128
Event: 3.138 Thread 0x000000001923f000 Uncommon trap: reason=unstable_if action=reinterpret pc=0x0000000002cbf0d4 method=java.util.concurrent.ConcurrentHashMap.putVal(Ljava/lang/Object;Ljava/lang/Object;Z)Ljava/lang/Object; @ 206
Event: 3.215 Thread 0x000000001929a800 Uncommon trap: reason=bimorphic action=maybe_recompile pc=0x0000000002c580d8 method=java.util.HashMap.putVal(ILjava/lang/Object;Ljava/lang/Object;ZZ)Ljava/lang/Object; @ 253
Event: 3.215 Thread 0x000000001929a800 Uncommon trap: reason=bimorphic action=maybe_recompile pc=0x0000000002c580d8 method=java.util.HashMap.putVal(ILjava/lang/Object;Ljava/lang/Object;ZZ)Ljava/lang/Object; @ 253
Event: 3.215 Thread 0x000000001929a800 Uncommon trap: reason=bimorphic action=maybe_recompile pc=0x0000000002c580d8 method=java.util.HashMap.putVal(ILjava/lang/Object;Ljava/lang/Object;ZZ)Ljava/lang/Object; @ 253
Event: 3.225 Thread 0x000000001929a800 Uncommon trap: reason=class_check action=maybe_recompile pc=0x0000000002bb4b5c method=java.util.regex.Matcher.match(II)Z @ 86
Event: 3.464 Thread 0x000000001929a800 Uncommon trap: reason=class_check action=maybe_recompile pc=0x0000000002bb4b5c method=java.util.regex.Matcher.match(II)Z @ 86
Event: 3.524 Thread 0x000000001929a800 Uncommon trap: reason=unstable_if action=reinterpret pc=0x0000000002dc9df4 method=java.lang.String.lastIndexOf([CII[CIII)I @ 66
Event: 3.874 Thread 0x000000001929a800 Uncommon trap: reason=unstable_if action=reinterpret pc=0x0000000002a957c8 method=java.net.URI.match(CJJ)Z @ 19

Classes redefined (0 events):
No events

Internal exceptions (10 events):
Event: 3.153 Thread 0x000000001923f000 Exception <a 'java/lang/NoSuchMethodError': <clinit>> (0x00000000e1358140) thrown at [D:\src\AOSP-openjdk-cygwin\jdk8u\hotspot\src\share\vm\prims\jni.cpp, line 1613]
Event: 3.154 Thread 0x000000001923f000 Exception <a 'java/lang/NoSuchMethodError': <clinit>> (0x00000000e1360c08) thrown at [D:\src\AOSP-openjdk-cygwin\jdk8u\hotspot\src\share\vm\prims\jni.cpp, line 1613]
Event: 3.156 Thread 0x000000001923f000 Exception <a 'java/lang/NoSuchMethodError': <clinit>> (0x00000000e13722d0) thrown at [D:\src\AOSP-openjdk-cygwin\jdk8u\hotspot\src\share\vm\prims\jni.cpp, line 1613]
Event: 3.169 Thread 0x000000001923f000 Exception <a 'java/lang/NoSuchMethodError': <clinit>> (0x00000000e13d7590) thrown at [D:\src\AOSP-openjdk-cygwin\jdk8u\hotspot\src\share\vm\prims\jni.cpp, line 1613]
Event: 3.172 Thread 0x000000001923f000 Exception <a 'java/lang/NoSuchMethodError': <clinit>> (0x00000000e13faf08) thrown at [D:\src\AOSP-openjdk-cygwin\jdk8u\hotspot\src\share\vm\prims\jni.cpp, line 1613]
Event: 3.175 Thread 0x000000001923f000 Exception <a 'java/lang/NoSuchMethodError': <clinit>> (0x00000000e1424f88) thrown at [D:\src\AOSP-openjdk-cygwin\jdk8u\hotspot\src\share\vm\prims\jni.cpp, line 1613]
Event: 3.176 Thread 0x000000001923f000 Exception <a 'java/lang/NoSuchMethodError': <clinit>> (0x00000000e1432b70) thrown at [D:\src\AOSP-openjdk-cygwin\jdk8u\hotspot\src\share\vm\prims\jni.cpp, line 1613]
Event: 3.178 Thread 0x000000001923f000 Exception <a 'java/lang/NoSuchMethodError': <clinit>> (0x00000000e14581f0) thrown at [D:\src\AOSP-openjdk-cygwin\jdk8u\hotspot\src\share\vm\prims\jni.cpp, line 1613]
Event: 3.202 Thread 0x000000001929a800 Exception <a 'java/lang/NoSuchMethodError': <clinit>> (0x00000000e1503c30) thrown at [D:\src\AOSP-openjdk-cygwin\jdk8u\hotspot\src\share\vm\prims\jni.cpp, line 1613]
Event: 3.206 Thread 0x000000001929a800 Exception <a 'java/lang/NoSuchMethodError': <clinit>> (0x00000000e150beb8) thrown at [D:\src\AOSP-openjdk-cygwin\jdk8u\hotspot\src\share\vm\prims\jni.cpp, line 1613]

Events (10 events):
Event: 3.902 loading class org/gradle/initialization/InstantiatingBuildLoader
Event: 3.902 loading class org/gradle/initialization/InstantiatingBuildLoader done
Event: 3.903 loading class org/gradle/execution/TaskPathProjectEvaluator
Event: 3.903 loading class org/gradle/execution/TaskPathProjectEvaluator done
Event: 3.903 loading class org/gradle/configuration/DefaultBuildConfigurer
Event: 3.904 loading class org/gradle/configuration/DefaultBuildConfigurer done
Event: 3.905 loading class org/gradle/initialization/DefaultExceptionAnalyser
Event: 3.905 loading class org/gradle/initialization/DefaultExceptionAnalyser done
Event: 3.905 loading class org/gradle/BuildResult
Event: 3.905 loading class org/gradle/BuildResult done


Dynamic libraries:
0x00007ff684970000 - 0x00007ff6849a1000 	C:\Program Files\Android\Android Studio\jre\bin\java.exe
0x00007ffd96c90000 - 0x00007ffd96e71000 	C:\WINDOWS\SYSTEM32\ntdll.dll
0x00007ffd94720000 - 0x00007ffd947d2000 	C:\WINDOWS\System32\KERNEL32.DLL
0x00007ffd93380000 - 0x00007ffd935f3000 	C:\WINDOWS\System32\KERNELBASE.dll
0x00007ffd96190000 - 0x00007ffd96231000 	C:\WINDOWS\System32\ADVAPI32.dll
0x00007ffd94120000 - 0x00007ffd941be000 	C:\WINDOWS\System32\msvcrt.dll
0x00007ffd966c0000 - 0x00007ffd9671b000 	C:\WINDOWS\System32\sechost.dll
0x00007ffd96450000 - 0x00007ffd96574000 	C:\WINDOWS\System32\RPCRT4.dll
0x00007ffd96000000 - 0x00007ffd96190000 	C:\WINDOWS\System32\USER32.dll
0x00007ffd938f0000 - 0x00007ffd93910000 	C:\WINDOWS\System32\win32u.dll
0x00007ffd95fd0000 - 0x00007ffd95ff8000 	C:\WINDOWS\System32\GDI32.dll
0x00007ffd93060000 - 0x00007ffd931f2000 	C:\WINDOWS\System32\gdi32full.dll
0x00007ffd93200000 - 0x00007ffd9329f000 	C:\WINDOWS\System32\msvcp_win.dll
0x00007ffd93910000 - 0x00007ffd93a0a000 	C:\WINDOWS\System32\ucrtbase.dll
0x00007ffd86a60000 - 0x00007ffd86cc9000 	C:\WINDOWS\WinSxS\amd64_microsoft.windows.common-controls_6595b64144ccf1df_6.0.17134.228_none_fb4599993062b194\COMCTL32.dll
0x00007ffd96790000 - 0x00007ffd96ab3000 	C:\WINDOWS\System32\combase.dll
0x00007ffd93300000 - 0x00007ffd9337a000 	C:\WINDOWS\System32\bcryptPrimitives.dll
0x00007ffd95f00000 - 0x00007ffd95f2d000 	C:\WINDOWS\System32\IMM32.DLL
0x0000000060a10000 - 0x0000000060ae2000 	C:\Program Files\Android\Android Studio\jre\jre\bin\msvcr100.dll
0x0000000060f30000 - 0x000000006176f000 	C:\Program Files\Android\Android Studio\jre\jre\bin\server\jvm.dll
0x00007ffd96720000 - 0x00007ffd96728000 	C:\WINDOWS\System32\PSAPI.DLL
0x00007ffd91ba0000 - 0x00007ffd91ba9000 	C:\WINDOWS\SYSTEM32\WSOCK32.dll
0x00007ffd96580000 - 0x00007ffd965ec000 	C:\WINDOWS\System32\WS2_32.dll
0x00007ffd8ef60000 - 0x00007ffd8ef83000 	C:\WINDOWS\SYSTEM32\WINMM.dll
0x00007ffd8de50000 - 0x00007ffd8de5a000 	C:\WINDOWS\SYSTEM32\VERSION.dll
0x00007ffd8ef30000 - 0x00007ffd8ef5a000 	C:\WINDOWS\SYSTEM32\WINMMBASE.dll
0x00007ffd93600000 - 0x00007ffd93649000 	C:\WINDOWS\System32\cfgmgr32.dll
0x00007ffd82040000 - 0x00007ffd8204f000 	C:\Program Files\Android\Android Studio\jre\jre\bin\verify.dll
0x00007ffd60970000 - 0x00007ffd60999000 	C:\Program Files\Android\Android Studio\jre\jre\bin\java.dll
0x00007ffd68380000 - 0x00007ffd68396000 	C:\Program Files\Android\Android Studio\jre\jre\bin\zip.dll
0x00007ffd94ac0000 - 0x00007ffd95f00000 	C:\WINDOWS\System32\SHELL32.dll
0x00007ffd941c0000 - 0x00007ffd94269000 	C:\WINDOWS\System32\shcore.dll
0x00007ffd93a10000 - 0x00007ffd9411d000 	C:\WINDOWS\System32\windows.storage.dll
0x00007ffd946c0000 - 0x00007ffd94711000 	C:\WINDOWS\System32\shlwapi.dll
0x00007ffd93030000 - 0x00007ffd93041000 	C:\WINDOWS\System32\kernel.appcore.dll
0x00007ffd92ff0000 - 0x00007ffd9300f000 	C:\WINDOWS\System32\profapi.dll
0x00007ffd92fa0000 - 0x00007ffd92fec000 	C:\WINDOWS\System32\powrprof.dll
0x00007ffd93050000 - 0x00007ffd9305a000 	C:\WINDOWS\System32\FLTLIB.DLL
0x00007ffd678d0000 - 0x00007ffd678ea000 	C:\Program Files\Android\Android Studio\jre\jre\bin\net.dll
0x00007ffd92820000 - 0x00007ffd92886000 	C:\WINDOWS\system32\mswsock.dll
0x00007ffd60950000 - 0x00007ffd60961000 	C:\Program Files\Android\Android Studio\jre\jre\bin\nio.dll
0x00007ffd85960000 - 0x00007ffd8597e000 	C:\Users\Raziel214\.gradle\native\25\windows-amd64\native-platform.dll
0x00007ffd81ef0000 - 0x00007ffd81efd000 	C:\Program Files\Android\Android Studio\jre\jre\bin\management.dll
0x00007ffd929d0000 - 0x00007ffd929e7000 	C:\WINDOWS\SYSTEM32\CRYPTSP.dll
0x00007ffd92400000 - 0x00007ffd92433000 	C:\WINDOWS\system32\rsaenh.dll
0x00007ffd92b00000 - 0x00007ffd92b25000 	C:\WINDOWS\SYSTEM32\bcrypt.dll
0x00007ffd92ea0000 - 0x00007ffd92ec8000 	C:\WINDOWS\SYSTEM32\USERENV.dll
0x00007ffd929f0000 - 0x00007ffd929fb000 	C:\WINDOWS\SYSTEM32\CRYPTBASE.dll
0x00007ffd925a0000 - 0x00007ffd925d8000 	C:\WINDOWS\SYSTEM32\IPHLPAPI.DLL
0x00007ffd963e0000 - 0x00007ffd963e8000 	C:\WINDOWS\System32\NSI.dll
0x00007ffd89580000 - 0x00007ffd89596000 	C:\WINDOWS\SYSTEM32\dhcpcsvc6.DLL
0x00007ffd89560000 - 0x00007ffd8957a000 	C:\WINDOWS\SYSTEM32\dhcpcsvc.DLL

VM Arguments:
jvm_args: -Xmx1536m -Dfile.encoding=windows-1252 -Duser.country=419 -Duser.language=es -Duser.variant 
java_command: org.gradle.launcher.daemon.bootstrap.GradleDaemon 4.4
java_class_path (initial): C:\Users\Raziel214\.gradle\wrapper\dists\gradle-4.4-all\9br9xq1tocpiv8o6njlyu5op1\gradle-4.4\lib\gradle-launcher-4.4.jar
Launcher Type: SUN_STANDARD

Environment Variables:
JAVA_HOME=C:\Program Files\Java\jdk-10.0.1\
PATH=C:\Program Files\Java\jdk-10.0.1\bin;C:\Program Files\Microsoft MPI\Bin\;C:\Program Files (x86)\Intel\iCLS Client\;C:\ProgramData\Oracle\Java\javapath;C:\Program Files\Intel\iCLS Client\;C:\windows\system32;C:\windows;C:\windows\System32\Wbem;C:\windows\System32\WindowsPowerShell\v1.0\;C:\Program Files (x86)\NVIDIA Corporation\PhysX\Common;C:\Program Files\Git\cmd;C:\WINDOWS\system32;C:\WINDOWS;C:\WINDOWS\System32\Wbem;C:\WINDOWS\System32\WindowsPowerShell\v1.0\;C:\Program Files\nodejs\;C:\Program Files (x86)\Intel\Intel(R) Management Engine Components\DAL;C:\Program Files\Intel\Intel(R) Management Engine Components\DAL;C:\Program Files (x86)\Intel\Intel(R) Management Engine Components\IPT;C:\Program Files\Intel\Intel(R) Management Engine Components\IPT;C:\Users\Raziel214\.dnx\bin;C:\Program Files\Microsoft DNX\Dnvm\;C:\Program Files\Microsoft SQL Server\130\Tools\Binn\;C:\Program Files (x86)\Microsoft SQL Server\130\Tools\Binn\;C:\Program Files (x86)\Microsoft SQL Server\130\DTS\Binn\;C:\Program Files\Micros;C:\Users\Raziel214\AppData\Local\Programs\Python\Python37-32\;C:\Program Files\kotlinc\bin;C:\Users\RAZIEL~1\AppData\Local\Programs\Python\Python37-32\Scripts;C:\xampp\php;C:\composer;C:\Users\Raziel214\AppData\Local\Microsoft\WindowsApps;C:\Users\Raziel214\AppData\Local\atom\bin;C:\Users\Raziel214\AppData\Roaming\npm;C:\Users\Raziel214\AppData\Local\GitHubDesktop\bin;C:\Users\Raziel214\AppData\Local\Microsoft\WindowsApps;C:\Program Files\heroku\bin;C:\Users\Raziel214\AppData\Roaming\Composer\vendor\bin
USERNAME=Raziel214
OS=Windows_NT
PROCESSOR_IDENTIFIER=Intel64 Family 6 Model 78 Stepping 3, GenuineIntel



---------------  S Y S T E M  ---------------

OS: Windows 10.0 , 64 bit Build 17134 (10.0.17134.1)

CPU:total 4 (initial active 4) (2 cores per cpu, 2 threads per core) family 6 model 78 stepping 3, cmov, cx8, fxsr, mmx, sse, sse2, sse3, ssse3, sse4.1, sse4.2, popcnt, avx, avx2, aes, clmul, erms, 3dnowpref, lzcnt, ht, tsc, tscinvbit, bmi1, bmi2, adx

Memory: 4k page, physical 12470184k(3162652k free), swap 13084584k(4820k free)

vm_info: OpenJDK 64-Bit Server VM (25.152-b02) for windows-amd64 JRE (1.8.0_152-release-1024-b02), built by "builder" with MS VC++ 10.0 (VS2010)

time: Sat Sep 08 01:07:33 2018
elapsed time: 3 seconds (0d 0h 0m 3s)

